{'data_root': '/root/autodl-tmp/cifar100', 'image_size': 32, 'pin_memory': False, 'augment': True, 'workers': 8, 'device_ids': 0, 'n_gpu': 1, 'seed': 1993, 'deterministic': True, 'epoch': 170, 'batch_size': 128, 'val_per_epoch': 10, 'optimzer': {'name': 'SGD', 'kwargs': {'lr': 0.1}}, 'lr_scheduler': {'name': 'CosineAnnealingLR', 'kwargs': {'T_max': 170}}, 'warmup': 0, 'includes': ['headers/device.yaml'], 'save_path': './', 'init_cls_num': 50, 'inc_cls_num': 10, 'total_cls_num': 100, 'task_num': 6, 'init_epoch': 200, 'init_lr': 0.1, 'init_weight_decay': 0.0005, 'backbone': {'name': 'resnet32', 'kwargs': None}, 'classifier': {'name': 'FOSTER', 'kwargs': {'num_class': 100, 'feat_dim': 64, 'beta1': 0.94, 'beta2': 0.97, 'is_teacher_wa': False, 'is_student_wa': False, 'lambda_okd': 1, 'wa_value': 1, 'oofc': 'az', 'convnet_type': 'resnet32', 'T': 2, 'fixed_memory': True, 'memory_per_class': 20, 'lr': 0.1, 'compression_epochs': 130}}, 'num_workers': 8, 'buffer': {'name': 'LinearBuffer', 'kwargs': {'buffer_size': 500, 'batch_size': 32, 'strategy': 'random'}}, 'optimizer': {'name': 'SGD', 'kwargs': {'lr': 0.1, 'momentum': 0.9, 'weight_decay': 0.0005}}, 'rank': 0}
FOSTER(
  (backbone): CifarResNet(
    (conv_1_3x3): Conv2d(3, 16, kernel_size=(3, 3), stride=(1, 1), padding=(1, 1), bias=False)
    (bn_1): BatchNorm2d(16, eps=1e-05, momentum=0.1, affine=True, track_running_stats=True)
    (stage_1): Sequential(
      (0): ResNetBasicblock(
        (conv_a): Conv2d(16, 16, kernel_size=(3, 3), stride=(1, 1), padding=(1, 1), bias=False)
        (bn_a): BatchNorm2d(16, eps=1e-05, momentum=0.1, affine=True, track_running_stats=True)
        (conv_b): Conv2d(16, 16, kernel_size=(3, 3), stride=(1, 1), padding=(1, 1), bias=False)
        (bn_b): BatchNorm2d(16, eps=1e-05, momentum=0.1, affine=True, track_running_stats=True)
      )
      (1): ResNetBasicblock(
        (conv_a): Conv2d(16, 16, kernel_size=(3, 3), stride=(1, 1), padding=(1, 1), bias=False)
        (bn_a): BatchNorm2d(16, eps=1e-05, momentum=0.1, affine=True, track_running_stats=True)
        (conv_b): Conv2d(16, 16, kernel_size=(3, 3), stride=(1, 1), padding=(1, 1), bias=False)
        (bn_b): BatchNorm2d(16, eps=1e-05, momentum=0.1, affine=True, track_running_stats=True)
      )
      (2): ResNetBasicblock(
        (conv_a): Conv2d(16, 16, kernel_size=(3, 3), stride=(1, 1), padding=(1, 1), bias=False)
        (bn_a): BatchNorm2d(16, eps=1e-05, momentum=0.1, affine=True, track_running_stats=True)
        (conv_b): Conv2d(16, 16, kernel_size=(3, 3), stride=(1, 1), padding=(1, 1), bias=False)
        (bn_b): BatchNorm2d(16, eps=1e-05, momentum=0.1, affine=True, track_running_stats=True)
      )
      (3): ResNetBasicblock(
        (conv_a): Conv2d(16, 16, kernel_size=(3, 3), stride=(1, 1), padding=(1, 1), bias=False)
        (bn_a): BatchNorm2d(16, eps=1e-05, momentum=0.1, affine=True, track_running_stats=True)
        (conv_b): Conv2d(16, 16, kernel_size=(3, 3), stride=(1, 1), padding=(1, 1), bias=False)
        (bn_b): BatchNorm2d(16, eps=1e-05, momentum=0.1, affine=True, track_running_stats=True)
      )
      (4): ResNetBasicblock(
        (conv_a): Conv2d(16, 16, kernel_size=(3, 3), stride=(1, 1), padding=(1, 1), bias=False)
        (bn_a): BatchNorm2d(16, eps=1e-05, momentum=0.1, affine=True, track_running_stats=True)
        (conv_b): Conv2d(16, 16, kernel_size=(3, 3), stride=(1, 1), padding=(1, 1), bias=False)
        (bn_b): BatchNorm2d(16, eps=1e-05, momentum=0.1, affine=True, track_running_stats=True)
      )
    )
    (stage_2): Sequential(
      (0): ResNetBasicblock(
        (conv_a): Conv2d(16, 32, kernel_size=(3, 3), stride=(2, 2), padding=(1, 1), bias=False)
        (bn_a): BatchNorm2d(32, eps=1e-05, momentum=0.1, affine=True, track_running_stats=True)
        (conv_b): Conv2d(32, 32, kernel_size=(3, 3), stride=(1, 1), padding=(1, 1), bias=False)
        (bn_b): BatchNorm2d(32, eps=1e-05, momentum=0.1, affine=True, track_running_stats=True)
        (downsample): DownsampleA(
          (avg): AvgPool2d(kernel_size=1, stride=2, padding=0)
        )
      )
      (1): ResNetBasicblock(
        (conv_a): Conv2d(32, 32, kernel_size=(3, 3), stride=(1, 1), padding=(1, 1), bias=False)
        (bn_a): BatchNorm2d(32, eps=1e-05, momentum=0.1, affine=True, track_running_stats=True)
        (conv_b): Conv2d(32, 32, kernel_size=(3, 3), stride=(1, 1), padding=(1, 1), bias=False)
        (bn_b): BatchNorm2d(32, eps=1e-05, momentum=0.1, affine=True, track_running_stats=True)
      )
      (2): ResNetBasicblock(
        (conv_a): Conv2d(32, 32, kernel_size=(3, 3), stride=(1, 1), padding=(1, 1), bias=False)
        (bn_a): BatchNorm2d(32, eps=1e-05, momentum=0.1, affine=True, track_running_stats=True)
        (conv_b): Conv2d(32, 32, kernel_size=(3, 3), stride=(1, 1), padding=(1, 1), bias=False)
        (bn_b): BatchNorm2d(32, eps=1e-05, momentum=0.1, affine=True, track_running_stats=True)
      )
      (3): ResNetBasicblock(
        (conv_a): Conv2d(32, 32, kernel_size=(3, 3), stride=(1, 1), padding=(1, 1), bias=False)
        (bn_a): BatchNorm2d(32, eps=1e-05, momentum=0.1, affine=True, track_running_stats=True)
        (conv_b): Conv2d(32, 32, kernel_size=(3, 3), stride=(1, 1), padding=(1, 1), bias=False)
        (bn_b): BatchNorm2d(32, eps=1e-05, momentum=0.1, affine=True, track_running_stats=True)
      )
      (4): ResNetBasicblock(
        (conv_a): Conv2d(32, 32, kernel_size=(3, 3), stride=(1, 1), padding=(1, 1), bias=False)
        (bn_a): BatchNorm2d(32, eps=1e-05, momentum=0.1, affine=True, track_running_stats=True)
        (conv_b): Conv2d(32, 32, kernel_size=(3, 3), stride=(1, 1), padding=(1, 1), bias=False)
        (bn_b): BatchNorm2d(32, eps=1e-05, momentum=0.1, affine=True, track_running_stats=True)
      )
    )
    (stage_3): Sequential(
      (0): ResNetBasicblock(
        (conv_a): Conv2d(32, 64, kernel_size=(3, 3), stride=(2, 2), padding=(1, 1), bias=False)
        (bn_a): BatchNorm2d(64, eps=1e-05, momentum=0.1, affine=True, track_running_stats=True)
        (conv_b): Conv2d(64, 64, kernel_size=(3, 3), stride=(1, 1), padding=(1, 1), bias=False)
        (bn_b): BatchNorm2d(64, eps=1e-05, momentum=0.1, affine=True, track_running_stats=True)
        (downsample): DownsampleA(
          (avg): AvgPool2d(kernel_size=1, stride=2, padding=0)
        )
      )
      (1): ResNetBasicblock(
        (conv_a): Conv2d(64, 64, kernel_size=(3, 3), stride=(1, 1), padding=(1, 1), bias=False)
        (bn_a): BatchNorm2d(64, eps=1e-05, momentum=0.1, affine=True, track_running_stats=True)
        (conv_b): Conv2d(64, 64, kernel_size=(3, 3), stride=(1, 1), padding=(1, 1), bias=False)
        (bn_b): BatchNorm2d(64, eps=1e-05, momentum=0.1, affine=True, track_running_stats=True)
      )
      (2): ResNetBasicblock(
        (conv_a): Conv2d(64, 64, kernel_size=(3, 3), stride=(1, 1), padding=(1, 1), bias=False)
        (bn_a): BatchNorm2d(64, eps=1e-05, momentum=0.1, affine=True, track_running_stats=True)
        (conv_b): Conv2d(64, 64, kernel_size=(3, 3), stride=(1, 1), padding=(1, 1), bias=False)
        (bn_b): BatchNorm2d(64, eps=1e-05, momentum=0.1, affine=True, track_running_stats=True)
      )
      (3): ResNetBasicblock(
        (conv_a): Conv2d(64, 64, kernel_size=(3, 3), stride=(1, 1), padding=(1, 1), bias=False)
        (bn_a): BatchNorm2d(64, eps=1e-05, momentum=0.1, affine=True, track_running_stats=True)
        (conv_b): Conv2d(64, 64, kernel_size=(3, 3), stride=(1, 1), padding=(1, 1), bias=False)
        (bn_b): BatchNorm2d(64, eps=1e-05, momentum=0.1, affine=True, track_running_stats=True)
      )
      (4): ResNetBasicblock(
        (conv_a): Conv2d(64, 64, kernel_size=(3, 3), stride=(1, 1), padding=(1, 1), bias=False)
        (bn_a): BatchNorm2d(64, eps=1e-05, momentum=0.1, affine=True, track_running_stats=True)
        (conv_b): Conv2d(64, 64, kernel_size=(3, 3), stride=(1, 1), padding=(1, 1), bias=False)
        (bn_b): BatchNorm2d(64, eps=1e-05, momentum=0.1, affine=True, track_running_stats=True)
      )
    )
    (avgpool): AvgPool2d(kernel_size=8, stride=8, padding=0)
    (fc): Linear(in_features=64, out_features=10, bias=True)
  )
  (classifier): Linear(in_features=64, out_features=100, bias=True)
  (loss_fn): CrossEntropyLoss()
  (_network): FOSTERNet(
    (convnets): ModuleList()
  )
)
Trainable params in the model: 0
================Task 0 Start!================
Trainable params in the model: 0
Learning on 0-50
SGD (
Parameter Group 0
    dampening: 0
    initial_lr: 0.1
    lr: 0.1
    maximize: False
    momentum: 0.9
    nesterov: False
    weight_decay: 0.0005
)
================Task 0 Training!================
The training samples number: 25000
learning rate: [0.1]
================ Train on the train set ================
Epoch [0/200] |	Loss: 3.856 	Average Acc: 4.072 
learning rate: [0.09999383162408304]
================ Train on the train set ================
Epoch [1/200] |	Loss: 3.297 	Average Acc: 13.264 
learning rate: [0.09997532801828658]
================ Train on the train set ================
Epoch [2/200] |	Loss: 2.954 	Average Acc: 21.015 
learning rate: [0.09994449374809851]
================ Train on the train set ================
Epoch [3/200] |	Loss: 2.717 	Average Acc: 26.104 
learning rate: [0.09990133642141359]
================ Train on the train set ================
Epoch [4/200] |	Loss: 2.560 	Average Acc: 29.742 
learning rate: [0.09984586668665642]
================ Train on the train set ================
Epoch [5/200] |	Loss: 2.392 	Average Acc: 33.379 
learning rate: [0.09977809823015402]
================ Train on the train set ================
Epoch [6/200] |	Loss: 2.271 	Average Acc: 36.252 
learning rate: [0.09969804777275901]
================ Train on the train set ================
Epoch [7/200] |	Loss: 2.194 	Average Acc: 38.396 
learning rate: [0.09960573506572391]
================ Train on the train set ================
Epoch [8/200] |	Loss: 2.111 	Average Acc: 40.589 
learning rate: [0.09950118288582789]
================ Train on the train set ================
Epoch [9/200] |	Loss: 2.067 	Average Acc: 42.321 
================ Test on the test set ================
 * Average Acc: 38.700 Best acc 38.700
 Per-Task Acc:[38.7]
learning rate: [0.09938441702975691]
================ Train on the train set ================
Epoch [10/200] |	Loss: 2.015 	Average Acc: 43.294 
learning rate: [0.09925546630773871]
================ Train on the train set ================
Epoch [11/200] |	Loss: 1.988 	Average Acc: 44.166 
learning rate: [0.09911436253643445]
================ Train on the train set ================
Epoch [12/200] |	Loss: 1.963 	Average Acc: 44.342 
learning rate: [0.0989611405310883]
================ Train on the train set ================
Epoch [13/200] |	Loss: 1.927 	Average Acc: 45.387 
learning rate: [0.09879583809693739]
================ Train on the train set ================
Epoch [14/200] |	Loss: 1.884 	Average Acc: 46.615 
learning rate: [0.09861849601988384]
================ Train on the train set ================
Epoch [15/200] |	Loss: 1.849 	Average Acc: 47.415 
learning rate: [0.09842915805643157]
================ Train on the train set ================
Epoch [16/200] |	Loss: 1.835 	Average Acc: 47.759 
learning rate: [0.09822787092288993]
================ Train on the train set ================
Epoch [17/200] |	Loss: 1.813 	Average Acc: 48.192 
learning rate: [0.09801468428384717]
================ Train on the train set ================
Epoch [18/200] |	Loss: 1.773 	Average Acc: 49.460 
learning rate: [0.09778965073991652]
================ Train on the train set ================
Epoch [19/200] |	Loss: 1.760 	Average Acc: 49.404 
================ Test on the test set ================
 * Average Acc: 46.350 Best acc 46.350
 Per-Task Acc:[46.35]
learning rate: [0.0975528258147577]
================ Train on the train set ================
Epoch [20/200] |	Loss: 1.754 	Average Acc: 49.636 
learning rate: [0.09730426794137728]
================ Train on the train set ================
Epoch [21/200] |	Loss: 1.736 	Average Acc: 50.156 
learning rate: [0.09704403844771128]
================ Train on the train set ================
Epoch [22/200] |	Loss: 1.731 	Average Acc: 50.456 
learning rate: [0.09677220154149338]
================ Train on the train set ================
Epoch [23/200] |	Loss: 1.705 	Average Acc: 51.132 
learning rate: [0.09648882429441258]
================ Train on the train set ================
Epoch [24/200] |	Loss: 1.692 	Average Acc: 51.357 
learning rate: [0.09619397662556435]
================ Train on the train set ================
Epoch [25/200] |	Loss: 1.688 	Average Acc: 51.496 
learning rate: [0.09588773128419906]
================ Train on the train set ================
Epoch [26/200] |	Loss: 1.682 	Average Acc: 51.493 
learning rate: [0.09557016383177226]
================ Train on the train set ================
Epoch [27/200] |	Loss: 1.679 	Average Acc: 51.488 
learning rate: [0.09524135262330098]
================ Train on the train set ================
Epoch [28/200] |	Loss: 1.662 	Average Acc: 52.445 
learning rate: [0.09490137878803079]
================ Train on the train set ================
Epoch [29/200] |	Loss: 1.664 	Average Acc: 52.072 
================ Test on the test set ================
 * Average Acc: 51.020 Best acc 51.020
 Per-Task Acc:[51.02]
learning rate: [0.0945503262094184]
================ Train on the train set ================
Epoch [30/200] |	Loss: 1.651 	Average Acc: 52.365 
learning rate: [0.0941882815044347]
================ Train on the train set ================
Epoch [31/200] |	Loss: 1.648 	Average Acc: 52.797 
learning rate: [0.09381533400219319]
================ Train on the train set ================
Epoch [32/200] |	Loss: 1.634 	Average Acc: 52.933 
learning rate: [0.09343157572190958]
================ Train on the train set ================
Epoch [33/200] |	Loss: 1.631 	Average Acc: 52.797 
learning rate: [0.0930371013501972]
================ Train on the train set ================
Epoch [34/200] |	Loss: 1.620 	Average Acc: 53.145 
learning rate: [0.09263200821770463]
================ Train on the train set ================
Epoch [35/200] |	Loss: 1.624 	Average Acc: 53.057 
learning rate: [0.09221639627510078]
================ Train on the train set ================
Epoch [36/200] |	Loss: 1.615 	Average Acc: 53.177 
learning rate: [0.09179036806841355]
================ Train on the train set ================
Epoch [37/200] |	Loss: 1.607 	Average Acc: 53.609 
learning rate: [0.09135402871372812]
================ Train on the train set ================
Epoch [38/200] |	Loss: 1.615 	Average Acc: 53.373 
learning rate: [0.0909074858712512]
================ Train on the train set ================
Epoch [39/200] |	Loss: 1.607 	Average Acc: 53.797 
================ Test on the test set ================
 * Average Acc: 51.700 Best acc 51.700
 Per-Task Acc:[51.7]
learning rate: [0.09045084971874741]
================ Train on the train set ================
Epoch [40/200] |	Loss: 1.598 	Average Acc: 53.749 
learning rate: [0.08998423292435458]
================ Train on the train set ================
Epoch [41/200] |	Loss: 1.595 	Average Acc: 53.705 
learning rate: [0.08950775061878455]
================ Train on the train set ================
Epoch [42/200] |	Loss: 1.597 	Average Acc: 53.817 
learning rate: [0.08902152036691653]
================ Train on the train set ================
Epoch [43/200] |	Loss: 1.580 	Average Acc: 54.402 
learning rate: [0.08852566213878951]
================ Train on the train set ================
Epoch [44/200] |	Loss: 1.580 	Average Acc: 54.481 
learning rate: [0.0880202982800016]
================ Train on the train set ================
Epoch [45/200] |	Loss: 1.580 	Average Acc: 54.690 
learning rate: [0.08750555348152303]
================ Train on the train set ================
Epoch [46/200] |	Loss: 1.566 	Average Acc: 54.810 
learning rate: [0.08698155474893052]
================ Train on the train set ================
Epoch [47/200] |	Loss: 1.560 	Average Acc: 54.777 
learning rate: [0.08644843137107061]
================ Train on the train set ================
Epoch [48/200] |	Loss: 1.565 	Average Acc: 54.785 
learning rate: [0.08590631488815947]
================ Train on the train set ================
Epoch [49/200] |	Loss: 1.551 	Average Acc: 54.966 
================ Test on the test set ================
 * Average Acc: 46.370 Best acc 51.700
 Per-Task Acc:[46.37]
learning rate: [0.0853553390593274]
================ Train on the train set ================
Epoch [50/200] |	Loss: 1.548 	Average Acc: 55.182 
learning rate: [0.08479563982961574]
================ Train on the train set ================
Epoch [51/200] |	Loss: 1.549 	Average Acc: 55.606 
learning rate: [0.08422735529643446]
================ Train on the train set ================
Epoch [52/200] |	Loss: 1.543 	Average Acc: 55.350 
learning rate: [0.08365062567548869]
================ Train on the train set ================
Epoch [53/200] |	Loss: 1.547 	Average Acc: 54.593 
learning rate: [0.08306559326618261]
================ Train on the train set ================
Epoch [54/200] |	Loss: 1.532 	Average Acc: 55.826 
learning rate: [0.0824724024165092]
================ Train on the train set ================
Epoch [55/200] |	Loss: 1.540 	Average Acc: 55.158 
learning rate: [0.0818711994874345]
================ Train on the train set ================
Epoch [56/200] |	Loss: 1.520 	Average Acc: 55.902 
learning rate: [0.08126213281678528]
================ Train on the train set ================
Epoch [57/200] |	Loss: 1.532 	Average Acc: 55.270 
learning rate: [0.08064535268264884]
================ Train on the train set ================
Epoch [58/200] |	Loss: 1.518 	Average Acc: 55.706 
learning rate: [0.08002101126629421]
================ Train on the train set ================
Epoch [59/200] |	Loss: 1.509 	Average Acc: 56.146 
================ Test on the test set ================
 * Average Acc: 57.250 Best acc 57.250
 Per-Task Acc:[57.25]
learning rate: [0.07938926261462367]
================ Train on the train set ================
Epoch [60/200] |	Loss: 1.506 	Average Acc: 56.546 
learning rate: [0.07875026260216395]
================ Train on the train set ================
Epoch [61/200] |	Loss: 1.503 	Average Acc: 56.322 
learning rate: [0.07810416889260656]
================ Train on the train set ================
Epoch [62/200] |	Loss: 1.492 	Average Acc: 56.878 
learning rate: [0.07745114089990661]
================ Train on the train set ================
Epoch [63/200] |	Loss: 1.500 	Average Acc: 56.442 
learning rate: [0.07679133974894985]
================ Train on the train set ================
Epoch [64/200] |	Loss: 1.488 	Average Acc: 56.518 
learning rate: [0.07612492823579746]
================ Train on the train set ================
Epoch [65/200] |	Loss: 1.485 	Average Acc: 56.978 
learning rate: [0.07545207078751859]
================ Train on the train set ================
Epoch [66/200] |	Loss: 1.485 	Average Acc: 56.786 
learning rate: [0.0747729334216204]
================ Train on the train set ================
Epoch [67/200] |	Loss: 1.475 	Average Acc: 56.974 
learning rate: [0.07408768370508578]
================ Train on the train set ================
Epoch [68/200] |	Loss: 1.459 	Average Acc: 57.618 
learning rate: [0.0733964907130287]
================ Train on the train set ================
Epoch [69/200] |	Loss: 1.457 	Average Acc: 57.623 
================ Test on the test set ================
 * Average Acc: 43.370 Best acc 57.250
 Per-Task Acc:[43.37]
learning rate: [0.07269952498697736]
================ Train on the train set ================
Epoch [70/200] |	Loss: 1.464 	Average Acc: 57.306 
learning rate: [0.07199695849279578]
================ Train on the train set ================
Epoch [71/200] |	Loss: 1.449 	Average Acc: 57.775 
learning rate: [0.07128896457825366]
================ Train on the train set ================
Epoch [72/200] |	Loss: 1.452 	Average Acc: 57.690 
learning rate: [0.07057571793025548]
================ Train on the train set ================
Epoch [73/200] |	Loss: 1.448 	Average Acc: 57.430 
learning rate: [0.06985739453173906]
================ Train on the train set ================
Epoch [74/200] |	Loss: 1.446 	Average Acc: 58.267 
learning rate: [0.06913417161825453]
================ Train on the train set ================
Epoch [75/200] |	Loss: 1.431 	Average Acc: 58.087 
learning rate: [0.06840622763423394]
================ Train on the train set ================
Epoch [76/200] |	Loss: 1.414 	Average Acc: 58.671 
learning rate: [0.0676737421889629]
================ Train on the train set ================
Epoch [77/200] |	Loss: 1.417 	Average Acc: 58.539 
learning rate: [0.06693689601226462]
================ Train on the train set ================
Epoch [78/200] |	Loss: 1.408 	Average Acc: 58.639 
learning rate: [0.06619587090990751]
================ Train on the train set ================
Epoch [79/200] |	Loss: 1.407 	Average Acc: 58.703 
================ Test on the test set ================
 * Average Acc: 56.450 Best acc 57.250
 Per-Task Acc:[56.45]
learning rate: [0.06545084971874741]
================ Train on the train set ================
Epoch [80/200] |	Loss: 1.403 	Average Acc: 58.959 
learning rate: [0.06470201626161524]
================ Train on the train set ================
Epoch [81/200] |	Loss: 1.393 	Average Acc: 58.763 
learning rate: [0.06394955530196152]
================ Train on the train set ================
Epoch [82/200] |	Loss: 1.392 	Average Acc: 59.231 
learning rate: [0.06319365249826868]
================ Train on the train set ================
Epoch [83/200] |	Loss: 1.382 	Average Acc: 59.891 
learning rate: [0.06243449435824277]
================ Train on the train set ================
Epoch [84/200] |	Loss: 1.375 	Average Acc: 59.847 
learning rate: [0.06167226819279532]
================ Train on the train set ================
Epoch [85/200] |	Loss: 1.378 	Average Acc: 59.543 
learning rate: [0.06090716206982718]
================ Train on the train set ================
Epoch [86/200] |	Loss: 1.358 	Average Acc: 60.379 
learning rate: [0.06013936476782568]
================ Train on the train set ================
Epoch [87/200] |	Loss: 1.357 	Average Acc: 60.355 
learning rate: [0.05936906572928629]
================ Train on the train set ================
Epoch [88/200] |	Loss: 1.348 	Average Acc: 60.263 
learning rate: [0.05859645501397052]
================ Train on the train set ================
Epoch [89/200] |	Loss: 1.339 	Average Acc: 60.800 
================ Test on the test set ================
 * Average Acc: 53.430 Best acc 57.250
 Per-Task Acc:[53.43]
learning rate: [0.05782172325201159]
================ Train on the train set ================
Epoch [90/200] |	Loss: 1.342 	Average Acc: 60.403 
learning rate: [0.057045061596879186]
================ Train on the train set ================
Epoch [91/200] |	Loss: 1.329 	Average Acc: 60.727 
learning rate: [0.056266661678215264]
================ Train on the train set ================
Epoch [92/200] |	Loss: 1.327 	Average Acc: 60.948 
learning rate: [0.055486715554552306]
================ Train on the train set ================
Epoch [93/200] |	Loss: 1.312 	Average Acc: 61.496 
learning rate: [0.05470541566592575]
================ Train on the train set ================
Epoch [94/200] |	Loss: 1.316 	Average Acc: 61.195 
learning rate: [0.05392295478639229]
================ Train on the train set ================
Epoch [95/200] |	Loss: 1.303 	Average Acc: 61.564 
learning rate: [0.05313952597646571]
================ Train on the train set ================
Epoch [96/200] |	Loss: 1.298 	Average Acc: 62.192 
learning rate: [0.05235532253548216]
================ Train on the train set ================
Epoch [97/200] |	Loss: 1.285 	Average Acc: 62.092 
learning rate: [0.051570537953906447]
================ Train on the train set ================
Epoch [98/200] |	Loss: 1.271 	Average Acc: 62.908 
learning rate: [0.05078536586559106]
================ Train on the train set ================
Epoch [99/200] |	Loss: 1.271 	Average Acc: 62.496 
================ Test on the test set ================
 * Average Acc: 51.220 Best acc 57.250
 Per-Task Acc:[51.22]
learning rate: [0.050000000000000024]
================ Train on the train set ================
Epoch [100/200] |	Loss: 1.276 	Average Acc: 62.352 
learning rate: [0.049214634134409]
================ Train on the train set ================
Epoch [101/200] |	Loss: 1.264 	Average Acc: 62.920 
learning rate: [0.04842946204609361]
================ Train on the train set ================
Epoch [102/200] |	Loss: 1.254 	Average Acc: 62.988 
learning rate: [0.04764467746451789]
================ Train on the train set ================
Epoch [103/200] |	Loss: 1.249 	Average Acc: 63.000 
learning rate: [0.046860474023534354]
================ Train on the train set ================
Epoch [104/200] |	Loss: 1.244 	Average Acc: 62.764 
learning rate: [0.04607704521360778]
================ Train on the train set ================
Epoch [105/200] |	Loss: 1.217 	Average Acc: 63.888 
learning rate: [0.04529458433407431]
================ Train on the train set ================
Epoch [106/200] |	Loss: 1.223 	Average Acc: 63.884 
learning rate: [0.04451328444544776]
================ Train on the train set ================
Epoch [107/200] |	Loss: 1.211 	Average Acc: 64.173 
learning rate: [0.04373333832178482]
================ Train on the train set ================
Epoch [108/200] |	Loss: 1.209 	Average Acc: 63.889 
learning rate: [0.0429549384031209]
================ Train on the train set ================
Epoch [109/200] |	Loss: 1.192 	Average Acc: 64.541 
================ Test on the test set ================
 * Average Acc: 58.990 Best acc 58.990
 Per-Task Acc:[58.99]
learning rate: [0.042178276747988484]
================ Train on the train set ================
Epoch [110/200] |	Loss: 1.187 	Average Acc: 64.953 
learning rate: [0.04140354498602954]
================ Train on the train set ================
Epoch [111/200] |	Loss: 1.184 	Average Acc: 65.017 
learning rate: [0.0406309342707138]
================ Train on the train set ================
Epoch [112/200] |	Loss: 1.162 	Average Acc: 65.473 
learning rate: [0.03986063523217441]
================ Train on the train set ================
Epoch [113/200] |	Loss: 1.173 	Average Acc: 65.077 
learning rate: [0.039092837930172916]
================ Train on the train set ================
