{'data_root': '/root/autodl-tmp/cifar100', 'image_size': 32, 'pin_memory': False, 'augment': True, 'workers': 8, 'device_ids': 0, 'n_gpu': 1, 'seed': 1993, 'deterministic': True, 'epoch': 170, 'batch_size': 128, 'val_per_epoch': 10, 'optimzer': {'name': 'SGD', 'kwargs': {'lr': 0.1}}, 'lr_scheduler': {'name': 'CosineAnnealingLR', 'kwargs': {'T_max': 170}}, 'warmup': 0, 'includes': ['headers/device.yaml'], 'save_path': './', 'use_pretrain_init_state': True, 'state_path': './state_dict_model_200iniEpochs.pth', 'init_cls_num': 50, 'inc_cls_num': 25, 'total_cls_num': 100, 'task_num': 3, 'init_epoch': 200, 'init_lr': 0.1, 'init_weight_decay': 0.0005, 'backbone': {'name': 'resnet32', 'kwargs': None}, 'classifier': {'name': 'FOSTER', 'kwargs': {'num_class': 100, 'feat_dim': 64, 'beta1': 0.95, 'beta2': 0.97, 'is_teacher_wa': False, 'is_student_wa': False, 'lambda_okd': 1, 'wa_value': 1, 'oofc': 'ft', 'convnet_type': 'resnet32', 'T': 2, 'fixed_memory': True, 'memory_per_class': 20, 'lr': 0.1, 'compression_epochs': 130}}, 'num_workers': 8, 'buffer': {'name': 'LinearBuffer', 'kwargs': {'buffer_size': 2000, 'batch_size': 32, 'strategy': 'foster'}}, 'optimizer': {'name': 'SGD', 'kwargs': {'lr': 0.1, 'momentum': 0.9, 'weight_decay': 0.0005}}, 'rank': 0}
FOSTER(
  (backbone): CifarResNet(
    (conv_1_3x3): Conv2d(3, 16, kernel_size=(3, 3), stride=(1, 1), padding=(1, 1), bias=False)
    (bn_1): BatchNorm2d(16, eps=1e-05, momentum=0.1, affine=True, track_running_stats=True)
    (stage_1): Sequential(
      (0): ResNetBasicblock(
        (conv_a): Conv2d(16, 16, kernel_size=(3, 3), stride=(1, 1), padding=(1, 1), bias=False)
        (bn_a): BatchNorm2d(16, eps=1e-05, momentum=0.1, affine=True, track_running_stats=True)
        (conv_b): Conv2d(16, 16, kernel_size=(3, 3), stride=(1, 1), padding=(1, 1), bias=False)
        (bn_b): BatchNorm2d(16, eps=1e-05, momentum=0.1, affine=True, track_running_stats=True)
      )
      (1): ResNetBasicblock(
        (conv_a): Conv2d(16, 16, kernel_size=(3, 3), stride=(1, 1), padding=(1, 1), bias=False)
        (bn_a): BatchNorm2d(16, eps=1e-05, momentum=0.1, affine=True, track_running_stats=True)
        (conv_b): Conv2d(16, 16, kernel_size=(3, 3), stride=(1, 1), padding=(1, 1), bias=False)
        (bn_b): BatchNorm2d(16, eps=1e-05, momentum=0.1, affine=True, track_running_stats=True)
      )
      (2): ResNetBasicblock(
        (conv_a): Conv2d(16, 16, kernel_size=(3, 3), stride=(1, 1), padding=(1, 1), bias=False)
        (bn_a): BatchNorm2d(16, eps=1e-05, momentum=0.1, affine=True, track_running_stats=True)
        (conv_b): Conv2d(16, 16, kernel_size=(3, 3), stride=(1, 1), padding=(1, 1), bias=False)
        (bn_b): BatchNorm2d(16, eps=1e-05, momentum=0.1, affine=True, track_running_stats=True)
      )
      (3): ResNetBasicblock(
        (conv_a): Conv2d(16, 16, kernel_size=(3, 3), stride=(1, 1), padding=(1, 1), bias=False)
        (bn_a): BatchNorm2d(16, eps=1e-05, momentum=0.1, affine=True, track_running_stats=True)
        (conv_b): Conv2d(16, 16, kernel_size=(3, 3), stride=(1, 1), padding=(1, 1), bias=False)
        (bn_b): BatchNorm2d(16, eps=1e-05, momentum=0.1, affine=True, track_running_stats=True)
      )
      (4): ResNetBasicblock(
        (conv_a): Conv2d(16, 16, kernel_size=(3, 3), stride=(1, 1), padding=(1, 1), bias=False)
        (bn_a): BatchNorm2d(16, eps=1e-05, momentum=0.1, affine=True, track_running_stats=True)
        (conv_b): Conv2d(16, 16, kernel_size=(3, 3), stride=(1, 1), padding=(1, 1), bias=False)
        (bn_b): BatchNorm2d(16, eps=1e-05, momentum=0.1, affine=True, track_running_stats=True)
      )
    )
    (stage_2): Sequential(
      (0): ResNetBasicblock(
        (conv_a): Conv2d(16, 32, kernel_size=(3, 3), stride=(2, 2), padding=(1, 1), bias=False)
        (bn_a): BatchNorm2d(32, eps=1e-05, momentum=0.1, affine=True, track_running_stats=True)
        (conv_b): Conv2d(32, 32, kernel_size=(3, 3), stride=(1, 1), padding=(1, 1), bias=False)
        (bn_b): BatchNorm2d(32, eps=1e-05, momentum=0.1, affine=True, track_running_stats=True)
        (downsample): DownsampleA(
          (avg): AvgPool2d(kernel_size=1, stride=2, padding=0)
        )
      )
      (1): ResNetBasicblock(
        (conv_a): Conv2d(32, 32, kernel_size=(3, 3), stride=(1, 1), padding=(1, 1), bias=False)
        (bn_a): BatchNorm2d(32, eps=1e-05, momentum=0.1, affine=True, track_running_stats=True)
        (conv_b): Conv2d(32, 32, kernel_size=(3, 3), stride=(1, 1), padding=(1, 1), bias=False)
        (bn_b): BatchNorm2d(32, eps=1e-05, momentum=0.1, affine=True, track_running_stats=True)
      )
      (2): ResNetBasicblock(
        (conv_a): Conv2d(32, 32, kernel_size=(3, 3), stride=(1, 1), padding=(1, 1), bias=False)
        (bn_a): BatchNorm2d(32, eps=1e-05, momentum=0.1, affine=True, track_running_stats=True)
        (conv_b): Conv2d(32, 32, kernel_size=(3, 3), stride=(1, 1), padding=(1, 1), bias=False)
        (bn_b): BatchNorm2d(32, eps=1e-05, momentum=0.1, affine=True, track_running_stats=True)
      )
      (3): ResNetBasicblock(
        (conv_a): Conv2d(32, 32, kernel_size=(3, 3), stride=(1, 1), padding=(1, 1), bias=False)
        (bn_a): BatchNorm2d(32, eps=1e-05, momentum=0.1, affine=True, track_running_stats=True)
        (conv_b): Conv2d(32, 32, kernel_size=(3, 3), stride=(1, 1), padding=(1, 1), bias=False)
        (bn_b): BatchNorm2d(32, eps=1e-05, momentum=0.1, affine=True, track_running_stats=True)
      )
      (4): ResNetBasicblock(
        (conv_a): Conv2d(32, 32, kernel_size=(3, 3), stride=(1, 1), padding=(1, 1), bias=False)
        (bn_a): BatchNorm2d(32, eps=1e-05, momentum=0.1, affine=True, track_running_stats=True)
        (conv_b): Conv2d(32, 32, kernel_size=(3, 3), stride=(1, 1), padding=(1, 1), bias=False)
        (bn_b): BatchNorm2d(32, eps=1e-05, momentum=0.1, affine=True, track_running_stats=True)
      )
    )
    (stage_3): Sequential(
      (0): ResNetBasicblock(
        (conv_a): Conv2d(32, 64, kernel_size=(3, 3), stride=(2, 2), padding=(1, 1), bias=False)
        (bn_a): BatchNorm2d(64, eps=1e-05, momentum=0.1, affine=True, track_running_stats=True)
        (conv_b): Conv2d(64, 64, kernel_size=(3, 3), stride=(1, 1), padding=(1, 1), bias=False)
        (bn_b): BatchNorm2d(64, eps=1e-05, momentum=0.1, affine=True, track_running_stats=True)
        (downsample): DownsampleA(
          (avg): AvgPool2d(kernel_size=1, stride=2, padding=0)
        )
      )
      (1): ResNetBasicblock(
        (conv_a): Conv2d(64, 64, kernel_size=(3, 3), stride=(1, 1), padding=(1, 1), bias=False)
        (bn_a): BatchNorm2d(64, eps=1e-05, momentum=0.1, affine=True, track_running_stats=True)
        (conv_b): Conv2d(64, 64, kernel_size=(3, 3), stride=(1, 1), padding=(1, 1), bias=False)
        (bn_b): BatchNorm2d(64, eps=1e-05, momentum=0.1, affine=True, track_running_stats=True)
      )
      (2): ResNetBasicblock(
        (conv_a): Conv2d(64, 64, kernel_size=(3, 3), stride=(1, 1), padding=(1, 1), bias=False)
        (bn_a): BatchNorm2d(64, eps=1e-05, momentum=0.1, affine=True, track_running_stats=True)
        (conv_b): Conv2d(64, 64, kernel_size=(3, 3), stride=(1, 1), padding=(1, 1), bias=False)
        (bn_b): BatchNorm2d(64, eps=1e-05, momentum=0.1, affine=True, track_running_stats=True)
      )
      (3): ResNetBasicblock(
        (conv_a): Conv2d(64, 64, kernel_size=(3, 3), stride=(1, 1), padding=(1, 1), bias=False)
        (bn_a): BatchNorm2d(64, eps=1e-05, momentum=0.1, affine=True, track_running_stats=True)
        (conv_b): Conv2d(64, 64, kernel_size=(3, 3), stride=(1, 1), padding=(1, 1), bias=False)
        (bn_b): BatchNorm2d(64, eps=1e-05, momentum=0.1, affine=True, track_running_stats=True)
      )
      (4): ResNetBasicblock(
        (conv_a): Conv2d(64, 64, kernel_size=(3, 3), stride=(1, 1), padding=(1, 1), bias=False)
        (bn_a): BatchNorm2d(64, eps=1e-05, momentum=0.1, affine=True, track_running_stats=True)
        (conv_b): Conv2d(64, 64, kernel_size=(3, 3), stride=(1, 1), padding=(1, 1), bias=False)
        (bn_b): BatchNorm2d(64, eps=1e-05, momentum=0.1, affine=True, track_running_stats=True)
      )
    )
    (avgpool): AvgPool2d(kernel_size=8, stride=8, padding=0)
    (fc): Linear(in_features=64, out_features=10, bias=True)
  )
  (classifier): Linear(in_features=64, out_features=100, bias=True)
  (loss_fn): CrossEntropyLoss()
  (_network): FOSTERNet(
    (convnets): ModuleList()
  )
)
Trainable params in the model: 0
================Task 0 Start!================
Trainable params in the model: 0
Learning on 0-50
SGD (
Parameter Group 0
    dampening: 0
    initial_lr: 0.1
    lr: 0.1
    maximize: False
    momentum: 0.9
    nesterov: False
    weight_decay: 0.0005
)
================Task 0 Training!================
The training samples number: 25000
skip init train and use pre_trained state_dict!
================ Test on the test set ================
 * Average Acc: 80.720 Best acc 80.720
 Per-Task Acc:[80.72]
Construct examplars for class 0
Construct examplars for class 1
Construct examplars for class 2
Construct examplars for class 3
Construct examplars for class 4
Construct examplars for class 5
Construct examplars for class 6
Construct examplars for class 7
Construct examplars for class 8
Construct examplars for class 9
Construct examplars for class 10
Construct examplars for class 11
Construct examplars for class 12
Construct examplars for class 13
Construct examplars for class 14
Construct examplars for class 15
Construct examplars for class 16
Construct examplars for class 17
Construct examplars for class 18
Construct examplars for class 19
Construct examplars for class 20
Construct examplars for class 21
Construct examplars for class 22
Construct examplars for class 23
Construct examplars for class 24
Construct examplars for class 25
Construct examplars for class 26
Construct examplars for class 27
Construct examplars for class 28
Construct examplars for class 29
Construct examplars for class 30
Construct examplars for class 31
Construct examplars for class 32
Construct examplars for class 33
Construct examplars for class 34
Construct examplars for class 35
Construct examplars for class 36
Construct examplars for class 37
Construct examplars for class 38
Construct examplars for class 39
Construct examplars for class 40
Construct examplars for class 41
Construct examplars for class 42
Construct examplars for class 43
Construct examplars for class 44
Construct examplars for class 45
Construct examplars for class 46
Construct examplars for class 47
Construct examplars for class 48
Construct examplars for class 49
buffer length1000
================Task 1 Start!================
Trainable params in the model: 470654
Learning on 50-75
per cls weights : [1.13571229 1.13571229 1.13571229 1.13571229 1.13571229 1.13571229
 1.13571229 1.13571229 1.13571229 1.13571229 1.13571229 1.13571229
 1.13571229 1.13571229 1.13571229 1.13571229 1.13571229 1.13571229
 1.13571229 1.13571229 1.13571229 1.13571229 1.13571229 1.13571229
 1.13571229 1.13571229 1.13571229 1.13571229 1.13571229 1.13571229
 1.13571229 1.13571229 1.13571229 1.13571229 1.13571229 1.13571229
 1.13571229 1.13571229 1.13571229 1.13571229 1.13571229 1.13571229
 1.13571229 1.13571229 1.13571229 1.13571229 1.13571229 1.13571229
 1.13571229 1.13571229 0.72857542 0.72857542 0.72857542 0.72857542
 0.72857542 0.72857542 0.72857542 0.72857542 0.72857542 0.72857542
 0.72857542 0.72857542 0.72857542 0.72857542 0.72857542 0.72857542
 0.72857542 0.72857542 0.72857542 0.72857542 0.72857542 0.72857542
 0.72857542 0.72857542 0.72857542]
SGD (
Parameter Group 0
    dampening: 0
    initial_lr: 0.1
    lr: 0.1
    maximize: False
    momentum: 0.9
    nesterov: False
    weight_decay: 0.0005
)
================Task 1 Training!================
The training samples number: 13500
learning rate: [0.1]
================ Train on the train set ================
Epoch [0/170] |	Loss: 8.056 	Average Acc: 35.073 
learning rate: [0.09999146252290264]
================ Train on the train set ================
Epoch [1/170] |	Loss: 7.018 	Average Acc: 40.079 
learning rate: [0.09996585300715116]
================ Train on the train set ================
Epoch [2/170] |	Loss: 6.785 	Average Acc: 41.881 
learning rate: [0.09992318019837171]
================ Train on the train set ================
Epoch [3/170] |	Loss: 6.656 	Average Acc: 43.325 
learning rate: [0.09986345866928942]
================ Train on the train set ================
Epoch [4/170] |	Loss: 6.594 	Average Acc: 42.978 
learning rate: [0.09978670881475173]
================ Train on the train set ================
Epoch [5/170] |	Loss: 6.507 	Average Acc: 44.693 
learning rate: [0.0996929568447637]
================ Train on the train set ================
Epoch [6/170] |	Loss: 6.427 	Average Acc: 44.701 
learning rate: [0.09958223477553715]
================ Train on the train set ================
Epoch [7/170] |	Loss: 6.331 	Average Acc: 46.091 
learning rate: [0.09945458041855731]
================ Train on the train set ================
Epoch [8/170] |	Loss: 6.294 	Average Acc: 47.213 
learning rate: [0.09931003736767013]
================ Train on the train set ================
Epoch [9/170] |	Loss: 6.210 	Average Acc: 46.852 
================ Test on the test set ================
 * Average Acc: 59.975 Best acc 59.975
 Per-Task Acc:[74.1, 45.85]
learning rate: [0.0991486549841951]
================ Train on the train set ================
Epoch [10/170] |	Loss: 6.243 	Average Acc: 47.575 
learning rate: [0.0989704883800683]
================ Train on the train set ================
Epoch [11/170] |	Loss: 6.134 	Average Acc: 48.877 
learning rate: [0.09877559839902185]
================ Train on the train set ================
Epoch [12/170] |	Loss: 6.125 	Average Acc: 47.639 
learning rate: [0.09856405159580571]
================ Train on the train set ================
Epoch [13/170] |	Loss: 6.046 	Average Acc: 49.890 
learning rate: [0.0983359202134594]
================ Train on the train set ================
Epoch [14/170] |	Loss: 6.062 	Average Acc: 48.858 
learning rate: [0.09809128215864098]
================ Train on the train set ================
Epoch [15/170] |	Loss: 6.017 	Average Acc: 49.905 
learning rate: [0.09783022097502206]
================ Train on the train set ================
Epoch [16/170] |	Loss: 6.065 	Average Acc: 49.207 
learning rate: [0.0975528258147577]
================ Train on the train set ================
Epoch [17/170] |	Loss: 6.007 	Average Acc: 49.408 
learning rate: [0.097259191408041]
================ Train on the train set ================
Epoch [18/170] |	Loss: 6.014 	Average Acc: 49.464 
learning rate: [0.09694941803075285]
================ Train on the train set ================
Epoch [19/170] |	Loss: 5.961 	Average Acc: 50.709 
================ Test on the test set ================
 * Average Acc: 62.800 Best acc 62.800
 Per-Task Acc:[73.18, 52.42]
learning rate: [0.09662361147021781]
================ Train on the train set ================
Epoch [20/170] |	Loss: 5.918 	Average Acc: 50.507 
learning rate: [0.09628188298907785]
================ Train on the train set ================
Epoch [21/170] |	Loss: 5.895 	Average Acc: 51.430 
learning rate: [0.09592434928729618]
================ Train on the train set ================
Epoch [22/170] |	Loss: 5.925 	Average Acc: 51.068 
learning rate: [0.09555113246230446]
================ Train on the train set ================
Epoch [23/170] |	Loss: 5.837 	Average Acc: 51.764 
learning rate: [0.09516235996730647]
================ Train on the train set ================
Epoch [24/170] |	Loss: 5.817 	Average Acc: 51.599 
learning rate: [0.09475816456775316]
================ Train on the train set ================
Epoch [25/170] |	Loss: 5.843 	Average Acc: 51.736 
learning rate: [0.09433868429600312]
================ Train on the train set ================
Epoch [26/170] |	Loss: 5.863 	Average Acc: 51.332 
learning rate: [0.09390406240418492]
================ Train on the train set ================
Epoch [27/170] |	Loss: 5.860 	Average Acc: 51.961 
learning rate: [0.09345444731527644]
================ Train on the train set ================
Epoch [28/170] |	Loss: 5.776 	Average Acc: 51.492 
learning rate: [0.09298999257241865]
================ Train on the train set ================
Epoch [29/170] |	Loss: 5.781 	Average Acc: 52.834 
================ Test on the test set ================
 * Average Acc: 63.930 Best acc 63.930
 Per-Task Acc:[70.84, 57.02]
learning rate: [0.09251085678648074]
================ Train on the train set ================
Epoch [30/170] |	Loss: 5.806 	Average Acc: 52.401 
learning rate: [0.09201720358189468]
================ Train on the train set ================
Epoch [31/170] |	Loss: 5.801 	Average Acc: 52.563 
learning rate: [0.09150920154077757]
================ Train on the train set ================
Epoch [32/170] |	Loss: 5.782 	Average Acc: 52.959 
learning rate: [0.09098702414536111]
================ Train on the train set ================
Epoch [33/170] |	Loss: 5.698 	Average Acc: 53.600 
learning rate: [0.09045084971874742]
================ Train on the train set ================
Epoch [34/170] |	Loss: 5.788 	Average Acc: 52.334 
learning rate: [0.08990086136401203]
================ Train on the train set ================
Epoch [35/170] |	Loss: 5.810 	Average Acc: 52.461 
learning rate: [0.0893372469016742]
================ Train on the train set ================
Epoch [36/170] |	Loss: 5.749 	Average Acc: 53.089 
learning rate: [0.08876019880555654]
================ Train on the train set ================
Epoch [37/170] |	Loss: 5.710 	Average Acc: 52.632 
learning rate: [0.0881699141370552]
================ Train on the train set ================
Epoch [38/170] |	Loss: 5.755 	Average Acc: 52.193 
learning rate: [0.08756659447784372]
================ Train on the train set ================
Epoch [39/170] |	Loss: 5.655 	Average Acc: 53.930 
================ Test on the test set ================
 * Average Acc: 65.800 Best acc 65.800
 Per-Task Acc:[75.62, 55.98]
learning rate: [0.08695044586103301]
================ Train on the train set ================
Epoch [40/170] |	Loss: 5.703 	Average Acc: 53.011 
learning rate: [0.08632167870081127]
================ Train on the train set ================
Epoch [41/170] |	Loss: 5.697 	Average Acc: 53.578 
learning rate: [0.08568050772058768]
================ Train on the train set ================
Epoch [42/170] |	Loss: 5.666 	Average Acc: 53.577 
learning rate: [0.0850271518796646]
================ Train on the train set ================
Epoch [43/170] |	Loss: 5.666 	Average Acc: 53.128 
learning rate: [0.0843618342984632]
================ Train on the train set ================
Epoch [44/170] |	Loss: 5.605 	Average Acc: 54.902 
learning rate: [0.08368478218232793]
================ Train on the train set ================
Epoch [45/170] |	Loss: 5.534 	Average Acc: 55.410 
learning rate: [0.08299622674393621]
================ Train on the train set ================
Epoch [46/170] |	Loss: 5.625 	Average Acc: 54.460 
learning rate: [0.08229640312433945]
================ Train on the train set ================
Epoch [47/170] |	Loss: 5.619 	Average Acc: 54.362 
learning rate: [0.08158555031266262]
================ Train on the train set ================
Epoch [48/170] |	Loss: 5.603 	Average Acc: 54.472 
learning rate: [0.08086391106448973]
================ Train on the train set ================
Epoch [49/170] |	Loss: 5.539 	Average Acc: 54.981 
================ Test on the test set ================
 * Average Acc: 66.320 Best acc 66.320
 Per-Task Acc:[77.7, 54.94]
learning rate: [0.08013173181896291]
================ Train on the train set ================
Epoch [50/170] |	Loss: 5.563 	Average Acc: 55.071 
learning rate: [0.07938926261462374]
================ Train on the train set ================
Epoch [51/170] |	Loss: 5.579 	Average Acc: 54.569 
learning rate: [0.07863675700402534]
================ Train on the train set ================
Epoch [52/170] |	Loss: 5.559 	Average Acc: 55.044 
learning rate: [0.07787447196714435]
================ Train on the train set ================
Epoch [53/170] |	Loss: 5.588 	Average Acc: 53.682 
learning rate: [0.07710266782362254]
================ Train on the train set ================
Epoch [54/170] |	Loss: 5.536 	Average Acc: 55.651 
learning rate: [0.07632160814386786]
================ Train on the train set ================
Epoch [55/170] |	Loss: 5.579 	Average Acc: 54.210 
learning rate: [0.07553155965904541]
================ Train on the train set ================
Epoch [56/170] |	Loss: 5.530 	Average Acc: 55.941 
learning rate: [0.07473279216998902]
================ Train on the train set ================
Epoch [57/170] |	Loss: 5.527 	Average Acc: 55.049 
learning rate: [0.0739255784550644]
================ Train on the train set ================
Epoch [58/170] |	Loss: 5.477 	Average Acc: 56.548 
learning rate: [0.07311019417701574]
================ Train on the train set ================
Epoch [59/170] |	Loss: 5.483 	Average Acc: 55.885 
================ Test on the test set ================
 * Average Acc: 66.020 Best acc 66.320
 Per-Task Acc:[76.39, 55.65]
learning rate: [0.072286917788827]
================ Train on the train set ================
Epoch [60/170] |	Loss: 5.449 	Average Acc: 56.192 
learning rate: [0.07145603043863052]
================ Train on the train set ================
Epoch [61/170] |	Loss: 5.432 	Average Acc: 56.349 
learning rate: [0.07061781587369526]
================ Train on the train set ================
Epoch [62/170] |	Loss: 5.474 	Average Acc: 56.402 
learning rate: [0.0697725603435272]
================ Train on the train set ================
Epoch [63/170] |	Loss: 5.479 	Average Acc: 56.157 
learning rate: [0.0689205525021156]
================ Train on the train set ================
Epoch [64/170] |	Loss: 5.402 	Average Acc: 56.541 
learning rate: [0.06806208330935773]
================ Train on the train set ================
Epoch [65/170] |	Loss: 5.461 	Average Acc: 56.375 
learning rate: [0.06719744593169648]
================ Train on the train set ================
Epoch [66/170] |	Loss: 5.437 	Average Acc: 56.409 
learning rate: [0.06632693564200423]
================ Train on the train set ================
Epoch [67/170] |	Loss: 5.406 	Average Acc: 57.091 
learning rate: [0.06545084971874744]
================ Train on the train set ================
Epoch [68/170] |	Loss: 5.368 	Average Acc: 57.077 
learning rate: [0.06456948734446631]
================ Train on the train set ================
Epoch [69/170] |	Loss: 5.434 	Average Acc: 56.573 
================ Test on the test set ================
 * Average Acc: 69.560 Best acc 69.560
 Per-Task Acc:[75.2, 63.92]
learning rate: [0.06368314950360422]
================ Train on the train set ================
Epoch [70/170] |	Loss: 5.400 	Average Acc: 56.717 
learning rate: [0.06279213887972185]
================ Train on the train set ================
Epoch [71/170] |	Loss: 5.381 	Average Acc: 57.662 
learning rate: [0.061896759752131]
================ Train on the train set ================
Epoch [72/170] |	Loss: 5.320 	Average Acc: 57.557 
learning rate: [0.0609973178919835]
================ Train on the train set ================
Epoch [73/170] |	Loss: 5.328 	Average Acc: 58.880 
learning rate: [0.06009412045785057]
================ Train on the train set ================
Epoch [74/170] |	Loss: 5.352 	Average Acc: 57.818 
learning rate: [0.059187475890828574]
================ Train on the train set ================
Epoch [75/170] |	Loss: 5.268 	Average Acc: 58.609 
learning rate: [0.058277693809206554]
================ Train on the train set ================
Epoch [76/170] |	Loss: 5.299 	Average Acc: 58.141 
learning rate: [0.057365084902731935]
================ Train on the train set ================
Epoch [77/170] |	Loss: 5.256 	Average Acc: 58.621 
learning rate: [0.05644996082651022]
================ Train on the train set ================
Epoch [78/170] |	Loss: 5.230 	Average Acc: 59.193 
learning rate: [0.05553263409457509]
================ Train on the train set ================
Epoch [79/170] |	Loss: 5.287 	Average Acc: 58.714 
================ Test on the test set ================
 * Average Acc: 69.005 Best acc 69.560
 Per-Task Acc:[74.71, 63.3]
learning rate: [0.05461341797316515]
================ Train on the train set ================
Epoch [80/170] |	Loss: 5.229 	Average Acc: 59.180 
learning rate: [0.05369262637374375]
================ Train on the train set ================
Epoch [81/170] |	Loss: 5.233 	Average Acc: 58.847 
learning rate: [0.05277057374579855]
================ Train on the train set ================
Epoch [82/170] |	Loss: 5.209 	Average Acc: 59.378 
learning rate: [0.05184757496945729]
================ Train on the train set ================
Epoch [83/170] |	Loss: 5.215 	Average Acc: 59.220 
learning rate: [0.05092394524795654]
================ Train on the train set ================
Epoch [84/170] |	Loss: 5.161 	Average Acc: 60.250 
learning rate: [0.05000000000000005]
================ Train on the train set ================
Epoch [85/170] |	Loss: 5.210 	Average Acc: 59.349 
learning rate: [0.04907605475204356]
================ Train on the train set ================
Epoch [86/170] |	Loss: 5.234 	Average Acc: 59.343 
learning rate: [0.04815242503054281]
================ Train on the train set ================
Epoch [87/170] |	Loss: 5.159 	Average Acc: 60.617 
learning rate: [0.04722942625420156]
================ Train on the train set ================
Epoch [88/170] |	Loss: 5.132 	Average Acc: 60.695 
learning rate: [0.04630737362625635]
================ Train on the train set ================
Epoch [89/170] |	Loss: 5.121 	Average Acc: 60.728 
================ Test on the test set ================
 * Average Acc: 67.765 Best acc 69.560
 Per-Task Acc:[72.58, 62.95]
learning rate: [0.045386582026834946]
================ Train on the train set ================
Epoch [90/170] |	Loss: 5.097 	Average Acc: 60.431 
learning rate: [0.04446736590542501]
================ Train on the train set ================
Epoch [91/170] |	Loss: 5.076 	Average Acc: 61.033 
learning rate: [0.04355003917348989]
================ Train on the train set ================
Epoch [92/170] |	Loss: 5.118 	Average Acc: 61.012 
learning rate: [0.04263491509726818]
================ Train on the train set ================
Epoch [93/170] |	Loss: 5.099 	Average Acc: 60.972 
learning rate: [0.041722306190793534]
================ Train on the train set ================
Epoch [94/170] |	Loss: 5.012 	Average Acc: 61.800 
learning rate: [0.040812524109171515]
================ Train on the train set ================
Epoch [95/170] |	Loss: 5.066 	Average Acc: 61.150 
learning rate: [0.039905879542149525]
================ Train on the train set ================
Epoch [96/170] |	Loss: 5.019 	Average Acc: 61.988 
learning rate: [0.03900268210801661]
================ Train on the train set ================
Epoch [97/170] |	Loss: 4.977 	Average Acc: 63.314 
learning rate: [0.03810324024786912]
================ Train on the train set ================
Epoch [98/170] |	Loss: 4.989 	Average Acc: 62.019 
learning rate: [0.03720786112027826]
================ Train on the train set ================
Epoch [99/170] |	Loss: 4.997 	Average Acc: 62.200 
================ Test on the test set ================
 * Average Acc: 70.725 Best acc 70.725
 Per-Task Acc:[76.74, 64.71]
learning rate: [0.0363168504963959]
================ Train on the train set ================
Epoch [100/170] |	Loss: 5.016 	Average Acc: 61.860 
learning rate: [0.03543051265553381]
================ Train on the train set ================
Epoch [101/170] |	Loss: 4.934 	Average Acc: 63.384 
learning rate: [0.034549150281252675]
================ Train on the train set ================
Epoch [102/170] |	Loss: 4.965 	Average Acc: 62.581 
learning rate: [0.033673064357995885]
================ Train on the train set ================
Epoch [103/170] |	Loss: 4.959 	Average Acc: 62.623 
learning rate: [0.03280255406830363]
================ Train on the train set ================
Epoch [104/170] |	Loss: 4.938 	Average Acc: 63.571 
learning rate: [0.031937916690642394]
================ Train on the train set ================
Epoch [105/170] |	Loss: 4.922 	Average Acc: 62.929 
learning rate: [0.03107944749788453]
================ Train on the train set ================
Epoch [106/170] |	Loss: 4.873 	Average Acc: 64.207 
learning rate: [0.030227439656472916]
================ Train on the train set ================
Epoch [107/170] |	Loss: 4.866 	Average Acc: 63.198 
learning rate: [0.02938218412630487]
================ Train on the train set ================
Epoch [108/170] |	Loss: 4.851 	Average Acc: 64.245 
learning rate: [0.028543969561369613]
================ Train on the train set ================
Epoch [109/170] |	Loss: 4.816 	Average Acc: 64.839 
================ Test on the test set ================
 * Average Acc: 70.775 Best acc 70.775
 Per-Task Acc:[76.27, 65.28]
learning rate: [0.027713082211173128]
================ Train on the train set ================
Epoch [110/170] |	Loss: 4.844 	Average Acc: 63.983 
learning rate: [0.02688980582298438]
================ Train on the train set ================
Epoch [111/170] |	Loss: 4.785 	Average Acc: 65.159 
learning rate: [0.02607442154493571]
================ Train on the train set ================
Epoch [112/170] |	Loss: 4.803 	Average Acc: 64.963 
learning rate: [0.0252672078300111]
================ Train on the train set ================
Epoch [113/170] |	Loss: 4.797 	Average Acc: 65.089 
learning rate: [0.024468440340954693]
================ Train on the train set ================
Epoch [114/170] |	Loss: 4.780 	Average Acc: 65.518 
learning rate: [0.02367839185613223]
================ Train on the train set ================
Epoch [115/170] |	Loss: 4.695 	Average Acc: 66.295 
learning rate: [0.022897332176377554]
================ Train on the train set ================
Epoch [116/170] |	Loss: 4.743 	Average Acc: 66.220 
learning rate: [0.02212552803285575]
================ Train on the train set ================
Epoch [117/170] |	Loss: 4.726 	Average Acc: 65.972 
learning rate: [0.02136324299597477]
================ Train on the train set ================
Epoch [118/170] |	Loss: 4.655 	Average Acc: 67.462 
learning rate: [0.020610737385376377]
================ Train on the train set ================
Epoch [119/170] |	Loss: 4.674 	Average Acc: 66.785 
================ Test on the test set ================
 * Average Acc: 73.490 Best acc 73.490
 Per-Task Acc:[76.58, 70.4]
learning rate: [0.01986826818103721]
================ Train on the train set ================
Epoch [120/170] |	Loss: 4.649 	Average Acc: 67.041 
learning rate: [0.019136088935510383]
================ Train on the train set ================
Epoch [121/170] |	Loss: 4.655 	Average Acc: 67.371 
learning rate: [0.01841444968733749]
================ Train on the train set ================
Epoch [122/170] |	Loss: 4.642 	Average Acc: 67.146 
learning rate: [0.017703596875660668]
================ Train on the train set ================
Epoch [123/170] |	Loss: 4.611 	Average Acc: 67.357 
learning rate: [0.017003773256063906]
================ Train on the train set ================
Epoch [124/170] |	Loss: 4.613 	Average Acc: 67.960 
learning rate: [0.01631521781767218]
================ Train on the train set ================
Epoch [125/170] |	Loss: 4.547 	Average Acc: 68.931 
learning rate: [0.01563816570153689]
================ Train on the train set ================
Epoch [126/170] |	Loss: 4.557 	Average Acc: 69.003 
learning rate: [0.014972848120335475]
================ Train on the train set ================
Epoch [127/170] |	Loss: 4.540 	Average Acc: 68.529 
learning rate: [0.014319492279412408]
================ Train on the train set ================
Epoch [128/170] |	Loss: 4.545 	Average Acc: 69.251 
learning rate: [0.01367832129918882]
================ Train on the train set ================
Epoch [129/170] |	Loss: 4.496 	Average Acc: 69.725 
================ Test on the test set ================
 * Average Acc: 73.730 Best acc 73.730
 Per-Task Acc:[77.3, 70.16]
learning rate: [0.01304955413896707]
================ Train on the train set ================
Epoch [130/170] |	Loss: 4.519 	Average Acc: 69.279 
learning rate: [0.012433405522156351]
================ Train on the train set ================
Epoch [131/170] |	Loss: 4.466 	Average Acc: 69.925 
learning rate: [0.011830085862944869]
================ Train on the train set ================
Epoch [132/170] |	Loss: 4.446 	Average Acc: 70.258 
learning rate: [0.011239801194443523]
================ Train on the train set ================
Epoch [133/170] |	Loss: 4.423 	Average Acc: 70.918 
learning rate: [0.010662753098325855]
================ Train on the train set ================
Epoch [134/170] |	Loss: 4.406 	Average Acc: 70.636 
learning rate: [0.01009913863598804]
================ Train on the train set ================
Epoch [135/170] |	Loss: 4.357 	Average Acc: 71.787 
learning rate: [0.009549150281252647]
================ Train on the train set ================
Epoch [136/170] |	Loss: 4.423 	Average Acc: 70.559 
learning rate: [0.009012975854638963]
================ Train on the train set ================
Epoch [137/170] |	Loss: 4.345 	Average Acc: 71.573 
learning rate: [0.008490798459222489]
================ Train on the train set ================
Epoch [138/170] |	Loss: 4.349 	Average Acc: 72.344 
learning rate: [0.007982796418105382]
================ Train on the train set ================
Epoch [139/170] |	Loss: 4.342 	Average Acc: 72.504 
================ Test on the test set ================
 * Average Acc: 75.135 Best acc 75.135
 Per-Task Acc:[77.21, 73.06]
learning rate: [0.007489143213519312]
================ Train on the train set ================
Epoch [140/170] |	Loss: 4.353 	Average Acc: 71.212 
learning rate: [0.0070100074275813995]
================ Train on the train set ================
Epoch [141/170] |	Loss: 4.300 	Average Acc: 72.252 
learning rate: [0.0065455526847235925]
================ Train on the train set ================
Epoch [142/170] |	Loss: 4.291 	Average Acc: 72.333 
learning rate: [0.0060959375958151134]
================ Train on the train set ================
Epoch [143/170] |	Loss: 4.276 	Average Acc: 73.197 
learning rate: [0.005661315703996914]
================ Train on the train set ================
Epoch [144/170] |	Loss: 4.278 	Average Acc: 72.853 
learning rate: [0.0052418354322468965]
================ Train on the train set ================
Epoch [145/170] |	Loss: 4.246 	Average Acc: 72.850 
learning rate: [0.0048376400326935656]
================ Train on the train set ================
Epoch [146/170] |	Loss: 4.228 	Average Acc: 73.608 
learning rate: [0.0044488675376955856]
================ Train on the train set ================
Epoch [147/170] |	Loss: 4.217 	Average Acc: 73.992 
learning rate: [0.004075650712703856]
================ Train on the train set ================
Epoch [148/170] |	Loss: 4.200 	Average Acc: 73.680 
learning rate: [0.0037181170109221906]
================ Train on the train set ================
Epoch [149/170] |	Loss: 4.206 	Average Acc: 74.132 
================ Test on the test set ================
 * Average Acc: 75.245 Best acc 75.245
 Per-Task Acc:[77.21, 73.28]
learning rate: [0.003376388529782215]
================ Train on the train set ================
Epoch [150/170] |	Loss: 4.229 	Average Acc: 74.123 
learning rate: [0.0030505819692471787]
================ Train on the train set ================
Epoch [151/170] |	Loss: 4.176 	Average Acc: 74.660 
learning rate: [0.0027408085919590312]
================ Train on the train set ================
Epoch [152/170] |	Loss: 4.159 	Average Acc: 74.903 
learning rate: [0.002447174185242328]
================ Train on the train set ================
Epoch [153/170] |	Loss: 4.145 	Average Acc: 74.867 
learning rate: [0.0021697790249779673]
================ Train on the train set ================
Epoch [154/170] |	Loss: 4.156 	Average Acc: 74.806 
learning rate: [0.0019087178413590509]
================ Train on the train set ================
Epoch [155/170] |	Loss: 4.129 	Average Acc: 75.548 
learning rate: [0.0016640797865406314]
================ Train on the train set ================
Epoch [156/170] |	Loss: 4.124 	Average Acc: 75.576 
learning rate: [0.0014359484041943117]
================ Train on the train set ================
Epoch [157/170] |	Loss: 4.116 	Average Acc: 75.672 
learning rate: [0.0012244016009781721]
================ Train on the train set ================
Epoch [158/170] |	Loss: 4.112 	Average Acc: 76.095 
learning rate: [0.0010295116199317074]
================ Train on the train set ================
Epoch [159/170] |	Loss: 4.092 	Average Acc: 76.092 
================ Test on the test set ================
 * Average Acc: 75.495 Best acc 75.495
 Per-Task Acc:[77.54, 73.45]
learning rate: [0.0008513450158049123]
================ Train on the train set ================
Epoch [160/170] |	Loss: 4.083 	Average Acc: 76.238 
learning rate: [0.0006899626323298725]
================ Train on the train set ================
Epoch [161/170] |	Loss: 4.100 	Average Acc: 75.928 
learning rate: [0.000545419581442703]
================ Train on the train set ================
Epoch [162/170] |	Loss: 4.083 	Average Acc: 76.010 
learning rate: [0.0004177652244628634]
================ Train on the train set ================
Epoch [163/170] |	Loss: 4.091 	Average Acc: 76.036 
learning rate: [0.00030704315523632006]
================ Train on the train set ================
Epoch [164/170] |	Loss: 4.104 	Average Acc: 75.812 
learning rate: [0.00021329118524827698]
================ Train on the train set ================
Epoch [165/170] |	Loss: 4.078 	Average Acc: 75.989 
learning rate: [0.00013654133071059918]
================ Train on the train set ================
Epoch [166/170] |	Loss: 4.077 	Average Acc: 76.127 
learning rate: [7.681980162830296e-05]
================ Train on the train set ================
Epoch [167/170] |	Loss: 4.031 	Average Acc: 76.679 
learning rate: [3.414699284885476e-05]
================ Train on the train set ================
Epoch [168/170] |	Loss: 4.060 	Average Acc: 76.377 
learning rate: [8.537477097364536e-06]
================ Train on the train set ================
Epoch [169/170] |	Loss: 4.078 	Average Acc: 76.240 
================ Test on the test set ================
 * Average Acc: 75.235 Best acc 75.495
 Per-Task Acc:[77.34, 73.13]
do not weight align teacher!
per cls weights : [1.22139604 1.22139604 1.22139604 1.22139604 1.22139604 1.22139604
 1.22139604 1.22139604 1.22139604 1.22139604 1.22139604 1.22139604
 1.22139604 1.22139604 1.22139604 1.22139604 1.22139604 1.22139604
 1.22139604 1.22139604 1.22139604 1.22139604 1.22139604 1.22139604
 1.22139604 1.22139604 1.22139604 1.22139604 1.22139604 1.22139604
 1.22139604 1.22139604 1.22139604 1.22139604 1.22139604 1.22139604
 1.22139604 1.22139604 1.22139604 1.22139604 1.22139604 1.22139604
 1.22139604 1.22139604 1.22139604 1.22139604 1.22139604 1.22139604
 1.22139604 1.22139604 0.55720792 0.55720792 0.55720792 0.55720792
 0.55720792 0.55720792 0.55720792 0.55720792 0.55720792 0.55720792
 0.55720792 0.55720792 0.55720792 0.55720792 0.55720792 0.55720792
 0.55720792 0.55720792 0.55720792 0.55720792 0.55720792 0.55720792
 0.55720792 0.55720792 0.55720792]
SNet: Task 1, Epoch 1/130 => Loss 3.373,  Train_accy 24.73, Test_accy 54.79
SNet: Task 1, Epoch 2/130 => Loss 3.139,  Train_accy 40.69
SNet: Task 1, Epoch 3/130 => Loss 3.098,  Train_accy 44.87
SNet: Task 1, Epoch 4/130 => Loss 3.084,  Train_accy 46.50
SNet: Task 1, Epoch 5/130 => Loss 3.056,  Train_accy 47.84
SNet: Task 1, Epoch 6/130 => Loss 3.047,  Train_accy 49.71, Test_accy 64.80
SNet: Task 1, Epoch 7/130 => Loss 3.039,  Train_accy 49.75
SNet: Task 1, Epoch 8/130 => Loss 3.034,  Train_accy 50.80
SNet: Task 1, Epoch 9/130 => Loss 3.025,  Train_accy 51.11
SNet: Task 1, Epoch 10/130 => Loss 3.028,  Train_accy 51.10
SNet: Task 1, Epoch 11/130 => Loss 3.022,  Train_accy 51.96, Test_accy 64.43
SNet: Task 1, Epoch 12/130 => Loss 3.021,  Train_accy 52.58
SNet: Task 1, Epoch 13/130 => Loss 3.014,  Train_accy 52.23
SNet: Task 1, Epoch 14/130 => Loss 3.002,  Train_accy 53.24
SNet: Task 1, Epoch 15/130 => Loss 3.001,  Train_accy 53.58
SNet: Task 1, Epoch 16/130 => Loss 2.996,  Train_accy 52.70, Test_accy 66.41
SNet: Task 1, Epoch 17/130 => Loss 3.006,  Train_accy 52.80
SNet: Task 1, Epoch 18/130 => Loss 3.006,  Train_accy 53.48
SNet: Task 1, Epoch 19/130 => Loss 2.999,  Train_accy 53.39
SNet: Task 1, Epoch 20/130 => Loss 2.988,  Train_accy 53.65
SNet: Task 1, Epoch 21/130 => Loss 2.986,  Train_accy 54.27, Test_accy 67.23
SNet: Task 1, Epoch 22/130 => Loss 2.983,  Train_accy 54.99
SNet: Task 1, Epoch 23/130 => Loss 2.994,  Train_accy 54.37
SNet: Task 1, Epoch 24/130 => Loss 2.982,  Train_accy 54.47
SNet: Task 1, Epoch 25/130 => Loss 2.979,  Train_accy 54.45
SNet: Task 1, Epoch 26/130 => Loss 2.980,  Train_accy 55.21, Test_accy 68.12
SNet: Task 1, Epoch 27/130 => Loss 2.977,  Train_accy 55.08
SNet: Task 1, Epoch 28/130 => Loss 2.974,  Train_accy 55.30
SNet: Task 1, Epoch 29/130 => Loss 2.974,  Train_accy 55.67
SNet: Task 1, Epoch 30/130 => Loss 2.967,  Train_accy 55.03
SNet: Task 1, Epoch 31/130 => Loss 2.973,  Train_accy 55.18, Test_accy 69.75
SNet: Task 1, Epoch 32/130 => Loss 2.962,  Train_accy 56.08
SNet: Task 1, Epoch 33/130 => Loss 2.970,  Train_accy 55.45
SNet: Task 1, Epoch 34/130 => Loss 2.973,  Train_accy 55.70
SNet: Task 1, Epoch 35/130 => Loss 2.956,  Train_accy 56.27
SNet: Task 1, Epoch 36/130 => Loss 2.971,  Train_accy 55.88, Test_accy 69.63
SNet: Task 1, Epoch 37/130 => Loss 2.962,  Train_accy 56.02
SNet: Task 1, Epoch 38/130 => Loss 2.972,  Train_accy 56.33
SNet: Task 1, Epoch 39/130 => Loss 2.962,  Train_accy 56.50
SNet: Task 1, Epoch 40/130 => Loss 2.951,  Train_accy 56.74
SNet: Task 1, Epoch 41/130 => Loss 2.969,  Train_accy 55.70, Test_accy 69.91
SNet: Task 1, Epoch 42/130 => Loss 2.961,  Train_accy 56.20
SNet: Task 1, Epoch 43/130 => Loss 2.954,  Train_accy 56.80
SNet: Task 1, Epoch 44/130 => Loss 2.955,  Train_accy 56.90
SNet: Task 1, Epoch 45/130 => Loss 2.955,  Train_accy 56.92
SNet: Task 1, Epoch 46/130 => Loss 2.956,  Train_accy 56.38, Test_accy 70.39
SNet: Task 1, Epoch 47/130 => Loss 2.961,  Train_accy 56.95
SNet: Task 1, Epoch 48/130 => Loss 2.956,  Train_accy 57.01
SNet: Task 1, Epoch 49/130 => Loss 2.949,  Train_accy 57.34
SNet: Task 1, Epoch 50/130 => Loss 2.945,  Train_accy 57.33
SNet: Task 1, Epoch 51/130 => Loss 2.956,  Train_accy 56.11, Test_accy 70.44
SNet: Task 1, Epoch 52/130 => Loss 2.947,  Train_accy 56.93
SNet: Task 1, Epoch 53/130 => Loss 2.946,  Train_accy 57.13
SNet: Task 1, Epoch 54/130 => Loss 2.953,  Train_accy 55.91
SNet: Task 1, Epoch 55/130 => Loss 2.946,  Train_accy 56.84
SNet: Task 1, Epoch 56/130 => Loss 2.942,  Train_accy 56.74, Test_accy 70.31
SNet: Task 1, Epoch 57/130 => Loss 2.947,  Train_accy 56.92
SNet: Task 1, Epoch 58/130 => Loss 2.949,  Train_accy 57.88
SNet: Task 1, Epoch 59/130 => Loss 2.945,  Train_accy 56.82
SNet: Task 1, Epoch 60/130 => Loss 2.943,  Train_accy 56.99
SNet: Task 1, Epoch 61/130 => Loss 2.938,  Train_accy 57.96, Test_accy 71.28
SNet: Task 1, Epoch 62/130 => Loss 2.944,  Train_accy 57.10
SNet: Task 1, Epoch 63/130 => Loss 2.952,  Train_accy 57.62
SNet: Task 1, Epoch 64/130 => Loss 2.943,  Train_accy 56.79
SNet: Task 1, Epoch 65/130 => Loss 2.947,  Train_accy 57.07
SNet: Task 1, Epoch 66/130 => Loss 2.938,  Train_accy 56.89, Test_accy 70.88
SNet: Task 1, Epoch 67/130 => Loss 2.949,  Train_accy 58.21
SNet: Task 1, Epoch 68/130 => Loss 2.945,  Train_accy 58.21
SNet: Task 1, Epoch 69/130 => Loss 2.929,  Train_accy 58.02
SNet: Task 1, Epoch 70/130 => Loss 2.944,  Train_accy 57.65
SNet: Task 1, Epoch 71/130 => Loss 2.940,  Train_accy 57.79, Test_accy 71.15
SNet: Task 1, Epoch 72/130 => Loss 2.936,  Train_accy 58.17
SNet: Task 1, Epoch 73/130 => Loss 2.943,  Train_accy 58.33
SNet: Task 1, Epoch 74/130 => Loss 2.938,  Train_accy 58.15
SNet: Task 1, Epoch 75/130 => Loss 2.931,  Train_accy 57.84
SNet: Task 1, Epoch 76/130 => Loss 2.940,  Train_accy 57.99, Test_accy 71.96
SNet: Task 1, Epoch 77/130 => Loss 2.927,  Train_accy 58.73
SNet: Task 1, Epoch 78/130 => Loss 2.928,  Train_accy 58.14
SNet: Task 1, Epoch 79/130 => Loss 2.927,  Train_accy 58.57
SNet: Task 1, Epoch 80/130 => Loss 2.933,  Train_accy 58.23
SNet: Task 1, Epoch 81/130 => Loss 2.936,  Train_accy 58.24, Test_accy 72.05
SNet: Task 1, Epoch 82/130 => Loss 2.932,  Train_accy 58.28
SNet: Task 1, Epoch 83/130 => Loss 2.924,  Train_accy 58.29
SNet: Task 1, Epoch 84/130 => Loss 2.928,  Train_accy 58.67
SNet: Task 1, Epoch 85/130 => Loss 2.934,  Train_accy 58.30
SNet: Task 1, Epoch 86/130 => Loss 2.922,  Train_accy 58.31, Test_accy 72.04
SNet: Task 1, Epoch 87/130 => Loss 2.923,  Train_accy 58.70
SNet: Task 1, Epoch 88/130 => Loss 2.934,  Train_accy 58.10
SNet: Task 1, Epoch 89/130 => Loss 2.939,  Train_accy 58.25
SNet: Task 1, Epoch 90/130 => Loss 2.926,  Train_accy 58.35
SNet: Task 1, Epoch 91/130 => Loss 2.933,  Train_accy 58.50, Test_accy 72.13
SNet: Task 1, Epoch 92/130 => Loss 2.929,  Train_accy 58.44
SNet: Task 1, Epoch 93/130 => Loss 2.929,  Train_accy 58.70
SNet: Task 1, Epoch 94/130 => Loss 2.924,  Train_accy 59.06
SNet: Task 1, Epoch 95/130 => Loss 2.934,  Train_accy 58.50
SNet: Task 1, Epoch 96/130 => Loss 2.929,  Train_accy 58.57, Test_accy 72.41
SNet: Task 1, Epoch 97/130 => Loss 2.921,  Train_accy 58.79
SNet: Task 1, Epoch 98/130 => Loss 2.931,  Train_accy 58.51
SNet: Task 1, Epoch 99/130 => Loss 2.927,  Train_accy 58.23
SNet: Task 1, Epoch 100/130 => Loss 2.922,  Train_accy 58.78
SNet: Task 1, Epoch 101/130 => Loss 2.926,  Train_accy 58.75, Test_accy 72.51
SNet: Task 1, Epoch 102/130 => Loss 2.922,  Train_accy 59.13
SNet: Task 1, Epoch 103/130 => Loss 2.931,  Train_accy 58.76
SNet: Task 1, Epoch 104/130 => Loss 2.926,  Train_accy 59.21
SNet: Task 1, Epoch 105/130 => Loss 2.920,  Train_accy 58.64
SNet: Task 1, Epoch 106/130 => Loss 2.919,  Train_accy 58.38, Test_accy 72.39
SNet: Task 1, Epoch 107/130 => Loss 2.921,  Train_accy 58.69
SNet: Task 1, Epoch 108/130 => Loss 2.915,  Train_accy 58.63
SNet: Task 1, Epoch 109/130 => Loss 2.925,  Train_accy 58.74
SNet: Task 1, Epoch 110/130 => Loss 2.922,  Train_accy 58.47
SNet: Task 1, Epoch 111/130 => Loss 2.918,  Train_accy 59.18, Test_accy 72.56
SNet: Task 1, Epoch 112/130 => Loss 2.922,  Train_accy 58.59
SNet: Task 1, Epoch 113/130 => Loss 2.921,  Train_accy 59.22
SNet: Task 1, Epoch 114/130 => Loss 2.932,  Train_accy 58.20
SNet: Task 1, Epoch 115/130 => Loss 2.919,  Train_accy 58.96
SNet: Task 1, Epoch 116/130 => Loss 2.924,  Train_accy 58.90, Test_accy 72.63
SNet: Task 1, Epoch 117/130 => Loss 2.923,  Train_accy 58.09
SNet: Task 1, Epoch 118/130 => Loss 2.922,  Train_accy 58.71
SNet: Task 1, Epoch 119/130 => Loss 2.910,  Train_accy 59.10
SNet: Task 1, Epoch 120/130 => Loss 2.924,  Train_accy 58.49
SNet: Task 1, Epoch 121/130 => Loss 2.930,  Train_accy 59.15, Test_accy 72.52
SNet: Task 1, Epoch 122/130 => Loss 2.920,  Train_accy 58.97
SNet: Task 1, Epoch 123/130 => Loss 2.926,  Train_accy 58.84
SNet: Task 1, Epoch 124/130 => Loss 2.913,  Train_accy 59.41
SNet: Task 1, Epoch 125/130 => Loss 2.918,  Train_accy 58.74
SNet: Task 1, Epoch 126/130 => Loss 2.908,  Train_accy 59.33, Test_accy 72.47
SNet: Task 1, Epoch 127/130 => Loss 2.923,  Train_accy 59.31
SNet: Task 1, Epoch 128/130 => Loss 2.910,  Train_accy 59.06
SNet: Task 1, Epoch 129/130 => Loss 2.925,  Train_accy 59.16
SNet: Task 1, Epoch 130/130 => Loss 2.925,  Train_accy 59.01
do not weight align student!
darknet eval: 
CNN top1 curve: 72.41333333333333
Construct examplars for class 50
Construct examplars for class 51
Construct examplars for class 52
Construct examplars for class 53
Construct examplars for class 54
Construct examplars for class 55
Construct examplars for class 56
Construct examplars for class 57
Construct examplars for class 58
Construct examplars for class 59
Construct examplars for class 60
Construct examplars for class 61
Construct examplars for class 62
Construct examplars for class 63
Construct examplars for class 64
Construct examplars for class 65
Construct examplars for class 66
Construct examplars for class 67
Construct examplars for class 68
Construct examplars for class 69
Construct examplars for class 70
Construct examplars for class 71
Construct examplars for class 72
Construct examplars for class 73
Construct examplars for class 74
buffer length1500
================Task 2 Start!================
Trainable params in the model: 478704
Learning on 75-100
per cls weights : [1.0984442  1.0984442  1.0984442  1.0984442  1.0984442  1.0984442
 1.0984442  1.0984442  1.0984442  1.0984442  1.0984442  1.0984442
 1.0984442  1.0984442  1.0984442  1.0984442  1.0984442  1.0984442
 1.0984442  1.0984442  1.0984442  1.0984442  1.0984442  1.0984442
 1.0984442  1.0984442  1.0984442  1.0984442  1.0984442  1.0984442
 1.0984442  1.0984442  1.0984442  1.0984442  1.0984442  1.0984442
 1.0984442  1.0984442  1.0984442  1.0984442  1.0984442  1.0984442
 1.0984442  1.0984442  1.0984442  1.0984442  1.0984442  1.0984442
 1.0984442  1.0984442  1.0984442  1.0984442  1.0984442  1.0984442
 1.0984442  1.0984442  1.0984442  1.0984442  1.0984442  1.0984442
 1.0984442  1.0984442  1.0984442  1.0984442  1.0984442  1.0984442
 1.0984442  1.0984442  1.0984442  1.0984442  1.0984442  1.0984442
 1.0984442  1.0984442  1.0984442  0.70466741 0.70466741 0.70466741
 0.70466741 0.70466741 0.70466741 0.70466741 0.70466741 0.70466741
 0.70466741 0.70466741 0.70466741 0.70466741 0.70466741 0.70466741
 0.70466741 0.70466741 0.70466741 0.70466741 0.70466741 0.70466741
 0.70466741 0.70466741 0.70466741 0.70466741]
SGD (
Parameter Group 0
    dampening: 0
    initial_lr: 0.1
    lr: 0.1
    maximize: False
    momentum: 0.9
    nesterov: False
    weight_decay: 0.0005
)
================Task 2 Training!================
The training samples number: 14000
learning rate: [0.1]
================ Train on the train set ================
Epoch [0/170] |	Loss: 8.417 	Average Acc: 35.149 
learning rate: [0.09999146252290264]
================ Train on the train set ================
Epoch [1/170] |	Loss: 7.298 	Average Acc: 41.652 
learning rate: [0.09996585300715116]
================ Train on the train set ================
Epoch [2/170] |	Loss: 7.098 	Average Acc: 42.749 
learning rate: [0.09992318019837171]
================ Train on the train set ================
Epoch [3/170] |	Loss: 7.035 	Average Acc: 43.364 
learning rate: [0.09986345866928942]
================ Train on the train set ================
Epoch [4/170] |	Loss: 6.874 	Average Acc: 44.875 
learning rate: [0.09978670881475173]
================ Train on the train set ================
Epoch [5/170] |	Loss: 6.895 	Average Acc: 44.886 
learning rate: [0.0996929568447637]
================ Train on the train set ================
Epoch [6/170] |	Loss: 6.788 	Average Acc: 45.880 
learning rate: [0.09958223477553715]
================ Train on the train set ================
Epoch [7/170] |	Loss: 6.792 	Average Acc: 45.722 
learning rate: [0.09945458041855731]
================ Train on the train set ================
Epoch [8/170] |	Loss: 6.822 	Average Acc: 45.838 
learning rate: [0.09931003736767013]
================ Train on the train set ================
Epoch [9/170] |	Loss: 6.729 	Average Acc: 46.433 
================ Test on the test set ================
 * Average Acc: 60.020 Best acc 60.020
 Per-Task Acc:[71.88, 62.16, 46.02]
learning rate: [0.0991486549841951]
================ Train on the train set ================
Epoch [10/170] |	Loss: 6.635 	Average Acc: 46.740 
learning rate: [0.0989704883800683]
================ Train on the train set ================
Epoch [11/170] |	Loss: 6.637 	Average Acc: 47.171 
learning rate: [0.09877559839902185]
================ Train on the train set ================
Epoch [12/170] |	Loss: 6.614 	Average Acc: 47.692 
learning rate: [0.09856405159580571]
================ Train on the train set ================
Epoch [13/170] |	Loss: 6.589 	Average Acc: 48.312 
learning rate: [0.0983359202134594]
================ Train on the train set ================
Epoch [14/170] |	Loss: 6.614 	Average Acc: 48.298 
learning rate: [0.09809128215864098]
================ Train on the train set ================
Epoch [15/170] |	Loss: 6.515 	Average Acc: 48.686 
learning rate: [0.09783022097502206]
================ Train on the train set ================
Epoch [16/170] |	Loss: 6.548 	Average Acc: 48.748 
learning rate: [0.0975528258147577]
================ Train on the train set ================
Epoch [17/170] |	Loss: 6.566 	Average Acc: 48.189 
learning rate: [0.097259191408041]
================ Train on the train set ================
Epoch [18/170] |	Loss: 6.515 	Average Acc: 49.346 
learning rate: [0.09694941803075285]
================ Train on the train set ================
Epoch [19/170] |	Loss: 6.490 	Average Acc: 48.925 
================ Test on the test set ================
 * Average Acc: 59.647 Best acc 60.020
 Per-Task Acc:[69.73, 62.56, 46.65]
learning rate: [0.09662361147021781]
================ Train on the train set ================
Epoch [20/170] |	Loss: 6.490 	Average Acc: 48.972 
learning rate: [0.09628188298907785]
================ Train on the train set ================
Epoch [21/170] |	Loss: 6.431 	Average Acc: 49.101 
learning rate: [0.09592434928729618]
================ Train on the train set ================
Epoch [22/170] |	Loss: 6.498 	Average Acc: 49.108 
learning rate: [0.09555113246230446]
================ Train on the train set ================
Epoch [23/170] |	Loss: 6.453 	Average Acc: 49.846 
learning rate: [0.09516235996730647]
================ Train on the train set ================
Epoch [24/170] |	Loss: 6.517 	Average Acc: 48.641 
learning rate: [0.09475816456775316]
================ Train on the train set ================
Epoch [25/170] |	Loss: 6.452 	Average Acc: 49.200 
learning rate: [0.09433868429600312]
================ Train on the train set ================
Epoch [26/170] |	Loss: 6.492 	Average Acc: 49.396 
learning rate: [0.09390406240418492]
================ Train on the train set ================
Epoch [27/170] |	Loss: 6.447 	Average Acc: 50.469 
learning rate: [0.09345444731527644]
================ Train on the train set ================
Epoch [28/170] |	Loss: 6.491 	Average Acc: 49.548 
learning rate: [0.09298999257241865]
================ Train on the train set ================
Epoch [29/170] |	Loss: 6.378 	Average Acc: 50.615 
================ Test on the test set ================
 * Average Acc: 62.213 Best acc 62.213
 Per-Task Acc:[70.18, 63.74, 52.72]
learning rate: [0.09251085678648074]
================ Train on the train set ================
Epoch [30/170] |	Loss: 6.382 	Average Acc: 49.974 
learning rate: [0.09201720358189468]
================ Train on the train set ================
Epoch [31/170] |	Loss: 6.437 	Average Acc: 49.979 
learning rate: [0.09150920154077757]
================ Train on the train set ================
Epoch [32/170] |	Loss: 6.413 	Average Acc: 50.298 
learning rate: [0.09098702414536111]
================ Train on the train set ================
Epoch [33/170] |	Loss: 6.295 	Average Acc: 51.267 
learning rate: [0.09045084971874742]
================ Train on the train set ================
Epoch [34/170] |	Loss: 6.322 	Average Acc: 50.902 
learning rate: [0.08990086136401203]
================ Train on the train set ================
Epoch [35/170] |	Loss: 6.316 	Average Acc: 50.971 
learning rate: [0.0893372469016742]
================ Train on the train set ================
Epoch [36/170] |	Loss: 6.324 	Average Acc: 50.836 
learning rate: [0.08876019880555654]
================ Train on the train set ================
Epoch [37/170] |	Loss: 6.372 	Average Acc: 51.222 
learning rate: [0.0881699141370552]
================ Train on the train set ================
Epoch [38/170] |	Loss: 6.319 	Average Acc: 51.356 
learning rate: [0.08756659447784372]
================ Train on the train set ================
Epoch [39/170] |	Loss: 6.303 	Average Acc: 51.475 
================ Test on the test set ================
 * Average Acc: 61.237 Best acc 62.213
 Per-Task Acc:[71.58, 58.51, 53.62]
learning rate: [0.08695044586103301]
================ Train on the train set ================
Epoch [40/170] |	Loss: 6.272 	Average Acc: 50.819 
learning rate: [0.08632167870081127]
================ Train on the train set ================
Epoch [41/170] |	Loss: 6.250 	Average Acc: 51.674 
learning rate: [0.08568050772058768]
================ Train on the train set ================
Epoch [42/170] |	Loss: 6.282 	Average Acc: 51.453 
learning rate: [0.0850271518796646]
================ Train on the train set ================
Epoch [43/170] |	Loss: 6.220 	Average Acc: 51.908 
learning rate: [0.0843618342984632]
================ Train on the train set ================
Epoch [44/170] |	Loss: 6.256 	Average Acc: 51.290 
learning rate: [0.08368478218232793]
================ Train on the train set ================
Epoch [45/170] |	Loss: 6.251 	Average Acc: 52.029 
learning rate: [0.08299622674393621]
================ Train on the train set ================
Epoch [46/170] |	Loss: 6.218 	Average Acc: 52.142 
learning rate: [0.08229640312433945]
================ Train on the train set ================
Epoch [47/170] |	Loss: 6.178 	Average Acc: 51.165 
learning rate: [0.08158555031266262]
================ Train on the train set ================
Epoch [48/170] |	Loss: 6.178 	Average Acc: 52.706 
learning rate: [0.08086391106448973]
================ Train on the train set ================
Epoch [49/170] |	Loss: 6.195 	Average Acc: 52.382 
================ Test on the test set ================
 * Average Acc: 59.087 Best acc 62.213
 Per-Task Acc:[70.49, 58.24, 48.53]
learning rate: [0.08013173181896291]
================ Train on the train set ================
Epoch [50/170] |	Loss: 6.216 	Average Acc: 52.268 
learning rate: [0.07938926261462374]
================ Train on the train set ================
Epoch [51/170] |	Loss: 6.182 	Average Acc: 51.927 
learning rate: [0.07863675700402534]
================ Train on the train set ================
Epoch [52/170] |	Loss: 6.197 	Average Acc: 52.098 
learning rate: [0.07787447196714435]
================ Train on the train set ================
Epoch [53/170] |	Loss: 6.123 	Average Acc: 52.306 
learning rate: [0.07710266782362254]
================ Train on the train set ================
Epoch [54/170] |	Loss: 6.108 	Average Acc: 52.853 
learning rate: [0.07632160814386786]
================ Train on the train set ================
Epoch [55/170] |	Loss: 6.130 	Average Acc: 53.317 
learning rate: [0.07553155965904541]
================ Train on the train set ================
Epoch [56/170] |	Loss: 6.131 	Average Acc: 52.005 
learning rate: [0.07473279216998902]
================ Train on the train set ================
Epoch [57/170] |	Loss: 6.135 	Average Acc: 52.856 
learning rate: [0.0739255784550644]
================ Train on the train set ================
Epoch [58/170] |	Loss: 6.179 	Average Acc: 52.414 
learning rate: [0.07311019417701574]
================ Train on the train set ================
Epoch [59/170] |	Loss: 6.055 	Average Acc: 52.699 
================ Test on the test set ================
 * Average Acc: 62.247 Best acc 62.247
 Per-Task Acc:[71.33, 59.15, 56.26]
learning rate: [0.072286917788827]
================ Train on the train set ================
Epoch [60/170] |	Loss: 6.043 	Average Acc: 53.667 
learning rate: [0.07145603043863052]
================ Train on the train set ================
Epoch [61/170] |	Loss: 6.067 	Average Acc: 52.924 
learning rate: [0.07061781587369526]
================ Train on the train set ================
Epoch [62/170] |	Loss: 6.095 	Average Acc: 52.708 
learning rate: [0.0697725603435272]
================ Train on the train set ================
Epoch [63/170] |	Loss: 6.023 	Average Acc: 53.785 
learning rate: [0.0689205525021156]
================ Train on the train set ================
Epoch [64/170] |	Loss: 6.063 	Average Acc: 52.732 
learning rate: [0.06806208330935773]
================ Train on the train set ================
Epoch [65/170] |	Loss: 6.030 	Average Acc: 54.133 
learning rate: [0.06719744593169648]
================ Train on the train set ================
Epoch [66/170] |	Loss: 6.002 	Average Acc: 54.571 
learning rate: [0.06632693564200423]
================ Train on the train set ================
Epoch [67/170] |	Loss: 6.065 	Average Acc: 53.255 
learning rate: [0.06545084971874744]
================ Train on the train set ================
Epoch [68/170] |	Loss: 6.019 	Average Acc: 53.286 
learning rate: [0.06456948734446631]
================ Train on the train set ================
Epoch [69/170] |	Loss: 5.934 	Average Acc: 53.911 
================ Test on the test set ================
 * Average Acc: 63.450 Best acc 63.450
 Per-Task Acc:[72.09, 62.89, 55.37]
learning rate: [0.06368314950360422]
================ Train on the train set ================
Epoch [70/170] |	Loss: 5.993 	Average Acc: 53.688 
learning rate: [0.06279213887972185]
================ Train on the train set ================
Epoch [71/170] |	Loss: 5.922 	Average Acc: 54.595 
learning rate: [0.061896759752131]
================ Train on the train set ================
Epoch [72/170] |	Loss: 5.966 	Average Acc: 54.389 
learning rate: [0.0609973178919835]
================ Train on the train set ================
Epoch [73/170] |	Loss: 5.943 	Average Acc: 54.084 
learning rate: [0.06009412045785057]
================ Train on the train set ================
Epoch [74/170] |	Loss: 5.904 	Average Acc: 54.953 
learning rate: [0.059187475890828574]
================ Train on the train set ================
Epoch [75/170] |	Loss: 5.959 	Average Acc: 54.245 
learning rate: [0.058277693809206554]
================ Train on the train set ================
Epoch [76/170] |	Loss: 5.838 	Average Acc: 55.012 
learning rate: [0.057365084902731935]
================ Train on the train set ================
Epoch [77/170] |	Loss: 5.882 	Average Acc: 55.859 
learning rate: [0.05644996082651022]
================ Train on the train set ================
Epoch [78/170] |	Loss: 5.822 	Average Acc: 55.227 
learning rate: [0.05553263409457509]
================ Train on the train set ================
Epoch [79/170] |	Loss: 5.842 	Average Acc: 55.104 
================ Test on the test set ================
 * Average Acc: 62.383 Best acc 63.450
 Per-Task Acc:[71.37, 62.43, 53.35]
learning rate: [0.05461341797316515]
================ Train on the train set ================
Epoch [80/170] |	Loss: 5.851 	Average Acc: 55.835 
learning rate: [0.05369262637374375]
================ Train on the train set ================
Epoch [81/170] |	Loss: 5.891 	Average Acc: 54.770 
learning rate: [0.05277057374579855]
================ Train on the train set ================
Epoch [82/170] |	Loss: 5.814 	Average Acc: 56.132 
learning rate: [0.05184757496945729]
================ Train on the train set ================
Epoch [83/170] |	Loss: 5.792 	Average Acc: 56.245 
learning rate: [0.05092394524795654]
================ Train on the train set ================
Epoch [84/170] |	Loss: 5.788 	Average Acc: 56.181 
learning rate: [0.05000000000000005]
================ Train on the train set ================
Epoch [85/170] |	Loss: 5.813 	Average Acc: 56.001 
learning rate: [0.04907605475204356]
================ Train on the train set ================
Epoch [86/170] |	Loss: 5.790 	Average Acc: 55.923 
learning rate: [0.04815242503054281]
================ Train on the train set ================
Epoch [87/170] |	Loss: 5.711 	Average Acc: 56.499 
learning rate: [0.04722942625420156]
================ Train on the train set ================
Epoch [88/170] |	Loss: 5.790 	Average Acc: 56.231 
learning rate: [0.04630737362625635]
================ Train on the train set ================
Epoch [89/170] |	Loss: 5.772 	Average Acc: 55.978 
================ Test on the test set ================
 * Average Acc: 63.893 Best acc 63.893
 Per-Task Acc:[73.98, 65.79, 51.91]
learning rate: [0.045386582026834946]
================ Train on the train set ================
Epoch [90/170] |	Loss: 5.670 	Average Acc: 57.072 
learning rate: [0.04446736590542501]
================ Train on the train set ================
Epoch [91/170] |	Loss: 5.674 	Average Acc: 57.834 
learning rate: [0.04355003917348989]
================ Train on the train set ================
Epoch [92/170] |	Loss: 5.731 	Average Acc: 57.252 
learning rate: [0.04263491509726818]
================ Train on the train set ================
Epoch [93/170] |	Loss: 5.664 	Average Acc: 57.514 
learning rate: [0.041722306190793534]
================ Train on the train set ================
Epoch [94/170] |	Loss: 5.631 	Average Acc: 57.185 
learning rate: [0.040812524109171515]
================ Train on the train set ================
Epoch [95/170] |	Loss: 5.630 	Average Acc: 57.940 
learning rate: [0.039905879542149525]
================ Train on the train set ================
Epoch [96/170] |	Loss: 5.614 	Average Acc: 58.078 
learning rate: [0.03900268210801661]
================ Train on the train set ================
Epoch [97/170] |	Loss: 5.687 	Average Acc: 57.237 
learning rate: [0.03810324024786912]
================ Train on the train set ================
Epoch [98/170] |	Loss: 5.555 	Average Acc: 58.121 
learning rate: [0.03720786112027826]
================ Train on the train set ================
Epoch [99/170] |	Loss: 5.598 	Average Acc: 58.222 
================ Test on the test set ================
 * Average Acc: 62.357 Best acc 63.893
 Per-Task Acc:[72.3, 59.05, 55.72]
learning rate: [0.0363168504963959]
================ Train on the train set ================
Epoch [100/170] |	Loss: 5.555 	Average Acc: 58.774 
learning rate: [0.03543051265553381]
================ Train on the train set ================
Epoch [101/170] |	Loss: 5.578 	Average Acc: 58.452 
learning rate: [0.034549150281252675]
================ Train on the train set ================
Epoch [102/170] |	Loss: 5.527 	Average Acc: 58.980 
learning rate: [0.033673064357995885]
================ Train on the train set ================
Epoch [103/170] |	Loss: 5.505 	Average Acc: 58.681 
learning rate: [0.03280255406830363]
================ Train on the train set ================
Epoch [104/170] |	Loss: 5.513 	Average Acc: 58.927 
learning rate: [0.031937916690642394]
================ Train on the train set ================
Epoch [105/170] |	Loss: 5.558 	Average Acc: 58.862 
learning rate: [0.03107944749788453]
================ Train on the train set ================
Epoch [106/170] |	Loss: 5.499 	Average Acc: 59.176 
learning rate: [0.030227439656472916]
================ Train on the train set ================
Epoch [107/170] |	Loss: 5.468 	Average Acc: 60.331 
learning rate: [0.02938218412630487]
================ Train on the train set ================
Epoch [108/170] |	Loss: 5.450 	Average Acc: 59.854 
learning rate: [0.028543969561369613]
================ Train on the train set ================
Epoch [109/170] |	Loss: 5.441 	Average Acc: 60.814 
================ Test on the test set ================
 * Average Acc: 64.323 Best acc 64.323
 Per-Task Acc:[73.36, 62.93, 56.68]
learning rate: [0.027713082211173128]
================ Train on the train set ================
Epoch [110/170] |	Loss: 5.419 	Average Acc: 59.901 
learning rate: [0.02688980582298438]
================ Train on the train set ================
Epoch [111/170] |	Loss: 5.341 	Average Acc: 60.959 
learning rate: [0.02607442154493571]
================ Train on the train set ================
Epoch [112/170] |	Loss: 5.344 	Average Acc: 60.794 
learning rate: [0.0252672078300111]
================ Train on the train set ================
Epoch [113/170] |	Loss: 5.366 	Average Acc: 60.966 
learning rate: [0.024468440340954693]
================ Train on the train set ================
Epoch [114/170] |	Loss: 5.312 	Average Acc: 61.897 
learning rate: [0.02367839185613223]
================ Train on the train set ================
Epoch [115/170] |	Loss: 5.307 	Average Acc: 61.915 
learning rate: [0.022897332176377554]
================ Train on the train set ================
Epoch [116/170] |	Loss: 5.269 	Average Acc: 62.107 
learning rate: [0.02212552803285575]
================ Train on the train set ================
Epoch [117/170] |	Loss: 5.299 	Average Acc: 61.742 
learning rate: [0.02136324299597477]
================ Train on the train set ================
Epoch [118/170] |	Loss: 5.289 	Average Acc: 62.628 
learning rate: [0.020610737385376377]
================ Train on the train set ================
Epoch [119/170] |	Loss: 5.274 	Average Acc: 61.906 
================ Test on the test set ================
 * Average Acc: 64.373 Best acc 64.373
 Per-Task Acc:[73.36, 62.71, 57.05]
learning rate: [0.01986826818103721]
================ Train on the train set ================
Epoch [120/170] |	Loss: 5.185 	Average Acc: 62.962 
learning rate: [0.019136088935510383]
================ Train on the train set ================
Epoch [121/170] |	Loss: 5.217 	Average Acc: 63.279 
learning rate: [0.01841444968733749]
================ Train on the train set ================
Epoch [122/170] |	Loss: 5.208 	Average Acc: 63.733 
learning rate: [0.017703596875660668]
================ Train on the train set ================
Epoch [123/170] |	Loss: 5.188 	Average Acc: 63.338 
learning rate: [0.017003773256063906]
================ Train on the train set ================
Epoch [124/170] |	Loss: 5.146 	Average Acc: 63.738 
learning rate: [0.01631521781767218]
================ Train on the train set ================
Epoch [125/170] |	Loss: 5.129 	Average Acc: 63.936 
learning rate: [0.01563816570153689]
================ Train on the train set ================
Epoch [126/170] |	Loss: 5.111 	Average Acc: 65.000 
learning rate: [0.014972848120335475]
================ Train on the train set ================
Epoch [127/170] |	Loss: 5.090 	Average Acc: 65.024 
learning rate: [0.014319492279412408]
================ Train on the train set ================
Epoch [128/170] |	Loss: 5.117 	Average Acc: 64.339 
learning rate: [0.01367832129918882]
================ Train on the train set ================
Epoch [129/170] |	Loss: 5.082 	Average Acc: 64.943 
================ Test on the test set ================
 * Average Acc: 66.970 Best acc 66.970
 Per-Task Acc:[72.89, 65.21, 62.81]
learning rate: [0.01304955413896707]
================ Train on the train set ================
Epoch [130/170] |	Loss: 5.049 	Average Acc: 65.376 
learning rate: [0.012433405522156351]
================ Train on the train set ================
Epoch [131/170] |	Loss: 5.037 	Average Acc: 65.061 
learning rate: [0.011830085862944869]
================ Train on the train set ================
Epoch [132/170] |	Loss: 5.044 	Average Acc: 65.216 
learning rate: [0.011239801194443523]
================ Train on the train set ================
Epoch [133/170] |	Loss: 5.015 	Average Acc: 65.902 
learning rate: [0.010662753098325855]
================ Train on the train set ================
Epoch [134/170] |	Loss: 4.971 	Average Acc: 66.181 
learning rate: [0.01009913863598804]
================ Train on the train set ================
Epoch [135/170] |	Loss: 4.945 	Average Acc: 67.292 
learning rate: [0.009549150281252647]
================ Train on the train set ================
Epoch [136/170] |	Loss: 4.928 	Average Acc: 67.358 
learning rate: [0.009012975854638963]
================ Train on the train set ================
Epoch [137/170] |	Loss: 4.897 	Average Acc: 67.767 
learning rate: [0.008490798459222489]
================ Train on the train set ================
Epoch [138/170] |	Loss: 4.880 	Average Acc: 67.696 
learning rate: [0.007982796418105382]
================ Train on the train set ================
Epoch [139/170] |	Loss: 4.915 	Average Acc: 67.621 
================ Test on the test set ================
 * Average Acc: 67.153 Best acc 67.153
 Per-Task Acc:[73.57, 64.77, 63.12]
learning rate: [0.007489143213519312]
================ Train on the train set ================
Epoch [140/170] |	Loss: 4.876 	Average Acc: 67.588 
learning rate: [0.0070100074275813995]
================ Train on the train set ================
Epoch [141/170] |	Loss: 4.849 	Average Acc: 68.362 
learning rate: [0.0065455526847235925]
================ Train on the train set ================
Epoch [142/170] |	Loss: 4.838 	Average Acc: 68.691 
learning rate: [0.0060959375958151134]
================ Train on the train set ================
Epoch [143/170] |	Loss: 4.843 	Average Acc: 68.452 
learning rate: [0.005661315703996914]
================ Train on the train set ================
Epoch [144/170] |	Loss: 4.806 	Average Acc: 69.034 
learning rate: [0.0052418354322468965]
================ Train on the train set ================
Epoch [145/170] |	Loss: 4.793 	Average Acc: 69.233 
learning rate: [0.0048376400326935656]
================ Train on the train set ================
Epoch [146/170] |	Loss: 4.786 	Average Acc: 68.923 
learning rate: [0.0044488675376955856]
================ Train on the train set ================
Epoch [147/170] |	Loss: 4.783 	Average Acc: 69.624 
learning rate: [0.004075650712703856]
================ Train on the train set ================
Epoch [148/170] |	Loss: 4.790 	Average Acc: 69.283 
learning rate: [0.0037181170109221906]
================ Train on the train set ================
Epoch [149/170] |	Loss: 4.724 	Average Acc: 70.550 
================ Test on the test set ================
 * Average Acc: 67.590 Best acc 67.590
 Per-Task Acc:[73.61, 65.74, 63.42]
learning rate: [0.003376388529782215]
================ Train on the train set ================
Epoch [150/170] |	Loss: 4.744 	Average Acc: 70.147 
learning rate: [0.0030505819692471787]
================ Train on the train set ================
Epoch [151/170] |	Loss: 4.728 	Average Acc: 69.805 
learning rate: [0.0027408085919590312]
================ Train on the train set ================
Epoch [152/170] |	Loss: 4.722 	Average Acc: 70.557 
learning rate: [0.002447174185242328]
================ Train on the train set ================
Epoch [153/170] |	Loss: 4.679 	Average Acc: 70.753 
learning rate: [0.0021697790249779673]
================ Train on the train set ================
Epoch [154/170] |	Loss: 4.702 	Average Acc: 70.360 
learning rate: [0.0019087178413590509]
================ Train on the train set ================
Epoch [155/170] |	Loss: 4.645 	Average Acc: 71.430 
learning rate: [0.0016640797865406314]
================ Train on the train set ================
Epoch [156/170] |	Loss: 4.671 	Average Acc: 70.703 
learning rate: [0.0014359484041943117]
================ Train on the train set ================
Epoch [157/170] |	Loss: 4.659 	Average Acc: 71.525 
learning rate: [0.0012244016009781721]
================ Train on the train set ================
Epoch [158/170] |	Loss: 4.613 	Average Acc: 71.508 
learning rate: [0.0010295116199317074]
================ Train on the train set ================
Epoch [159/170] |	Loss: 4.635 	Average Acc: 71.821 
================ Test on the test set ================
 * Average Acc: 68.083 Best acc 68.083
 Per-Task Acc:[73.22, 64.75, 66.28]
learning rate: [0.0008513450158049123]
================ Train on the train set ================
Epoch [160/170] |	Loss: 4.642 	Average Acc: 71.793 
learning rate: [0.0006899626323298725]
================ Train on the train set ================
Epoch [161/170] |	Loss: 4.634 	Average Acc: 71.407 
learning rate: [0.000545419581442703]
================ Train on the train set ================
Epoch [162/170] |	Loss: 4.622 	Average Acc: 71.719 
learning rate: [0.0004177652244628634]
================ Train on the train set ================
Epoch [163/170] |	Loss: 4.626 	Average Acc: 71.948 
learning rate: [0.00030704315523632006]
================ Train on the train set ================
Epoch [164/170] |	Loss: 4.592 	Average Acc: 72.029 
learning rate: [0.00021329118524827698]
================ Train on the train set ================
Epoch [165/170] |	Loss: 4.603 	Average Acc: 71.973 
learning rate: [0.00013654133071059918]
================ Train on the train set ================
Epoch [166/170] |	Loss: 4.623 	Average Acc: 71.740 
learning rate: [7.681980162830296e-05]
================ Train on the train set ================
Epoch [167/170] |	Loss: 4.626 	Average Acc: 72.190 
learning rate: [3.414699284885476e-05]
================ Train on the train set ================
Epoch [168/170] |	Loss: 4.611 	Average Acc: 72.380 
learning rate: [8.537477097364536e-06]
================ Train on the train set ================
Epoch [169/170] |	Loss: 4.621 	Average Acc: 71.915 
================ Test on the test set ================
 * Average Acc: 68.110 Best acc 68.110
 Per-Task Acc:[73.38, 64.95, 66.0]
do not weight align teacher!
per cls weights : [1.1573385 1.1573385 1.1573385 1.1573385 1.1573385 1.1573385 1.1573385
 1.1573385 1.1573385 1.1573385 1.1573385 1.1573385 1.1573385 1.1573385
 1.1573385 1.1573385 1.1573385 1.1573385 1.1573385 1.1573385 1.1573385
 1.1573385 1.1573385 1.1573385 1.1573385 1.1573385 1.1573385 1.1573385
 1.1573385 1.1573385 1.1573385 1.1573385 1.1573385 1.1573385 1.1573385
 1.1573385 1.1573385 1.1573385 1.1573385 1.1573385 1.1573385 1.1573385
 1.1573385 1.1573385 1.1573385 1.1573385 1.1573385 1.1573385 1.1573385
 1.1573385 1.1573385 1.1573385 1.1573385 1.1573385 1.1573385 1.1573385
 1.1573385 1.1573385 1.1573385 1.1573385 1.1573385 1.1573385 1.1573385
 1.1573385 1.1573385 1.1573385 1.1573385 1.1573385 1.1573385 1.1573385
 1.1573385 1.1573385 1.1573385 1.1573385 1.1573385 0.5279845 0.5279845
 0.5279845 0.5279845 0.5279845 0.5279845 0.5279845 0.5279845 0.5279845
 0.5279845 0.5279845 0.5279845 0.5279845 0.5279845 0.5279845 0.5279845
 0.5279845 0.5279845 0.5279845 0.5279845 0.5279845 0.5279845 0.5279845
 0.5279845 0.5279845]
SNet: Task 2, Epoch 1/130 => Loss 3.657,  Train_accy 17.41, Test_accy 57.47
SNet: Task 2, Epoch 2/130 => Loss 3.471,  Train_accy 33.51
SNet: Task 2, Epoch 3/130 => Loss 3.434,  Train_accy 37.59
SNet: Task 2, Epoch 4/130 => Loss 3.426,  Train_accy 39.08
SNet: Task 2, Epoch 5/130 => Loss 3.415,  Train_accy 40.83
SNet: Task 2, Epoch 6/130 => Loss 3.409,  Train_accy 40.91, Test_accy 62.36
SNet: Task 2, Epoch 7/130 => Loss 3.408,  Train_accy 41.62
SNet: Task 2, Epoch 8/130 => Loss 3.384,  Train_accy 42.63
SNet: Task 2, Epoch 9/130 => Loss 3.389,  Train_accy 43.45
SNet: Task 2, Epoch 10/130 => Loss 3.386,  Train_accy 43.61
SNet: Task 2, Epoch 11/130 => Loss 3.383,  Train_accy 43.72, Test_accy 63.23
SNet: Task 2, Epoch 12/130 => Loss 3.388,  Train_accy 44.24
SNet: Task 2, Epoch 13/130 => Loss 3.389,  Train_accy 44.21
SNet: Task 2, Epoch 14/130 => Loss 3.379,  Train_accy 44.16
SNet: Task 2, Epoch 15/130 => Loss 3.380,  Train_accy 44.28
SNet: Task 2, Epoch 16/130 => Loss 3.380,  Train_accy 44.75, Test_accy 62.93
SNet: Task 2, Epoch 17/130 => Loss 3.371,  Train_accy 45.21
SNet: Task 2, Epoch 18/130 => Loss 3.370,  Train_accy 45.16
SNet: Task 2, Epoch 19/130 => Loss 3.369,  Train_accy 45.31
SNet: Task 2, Epoch 20/130 => Loss 3.371,  Train_accy 45.52
SNet: Task 2, Epoch 21/130 => Loss 3.360,  Train_accy 46.01, Test_accy 63.32
SNet: Task 2, Epoch 22/130 => Loss 3.367,  Train_accy 45.46
SNet: Task 2, Epoch 23/130 => Loss 3.375,  Train_accy 46.27
SNet: Task 2, Epoch 24/130 => Loss 3.365,  Train_accy 46.40
SNet: Task 2, Epoch 25/130 => Loss 3.363,  Train_accy 46.59
SNet: Task 2, Epoch 26/130 => Loss 3.358,  Train_accy 46.41, Test_accy 64.28
SNet: Task 2, Epoch 27/130 => Loss 3.354,  Train_accy 46.70
SNet: Task 2, Epoch 28/130 => Loss 3.367,  Train_accy 45.97
SNet: Task 2, Epoch 29/130 => Loss 3.350,  Train_accy 46.66
SNet: Task 2, Epoch 30/130 => Loss 3.357,  Train_accy 46.63
SNet: Task 2, Epoch 31/130 => Loss 3.362,  Train_accy 46.79, Test_accy 64.01
SNet: Task 2, Epoch 32/130 => Loss 3.351,  Train_accy 47.46
SNet: Task 2, Epoch 33/130 => Loss 3.355,  Train_accy 46.70
SNet: Task 2, Epoch 34/130 => Loss 3.362,  Train_accy 46.21
SNet: Task 2, Epoch 35/130 => Loss 3.367,  Train_accy 46.58
SNet: Task 2, Epoch 36/130 => Loss 3.364,  Train_accy 46.77, Test_accy 64.02
SNet: Task 2, Epoch 37/130 => Loss 3.356,  Train_accy 47.76
SNet: Task 2, Epoch 38/130 => Loss 3.353,  Train_accy 47.01
SNet: Task 2, Epoch 39/130 => Loss 3.357,  Train_accy 47.77
SNet: Task 2, Epoch 40/130 => Loss 3.355,  Train_accy 47.37
SNet: Task 2, Epoch 41/130 => Loss 3.358,  Train_accy 47.24, Test_accy 63.94
SNet: Task 2, Epoch 42/130 => Loss 3.358,  Train_accy 47.25
SNet: Task 2, Epoch 43/130 => Loss 3.356,  Train_accy 47.03
SNet: Task 2, Epoch 44/130 => Loss 3.352,  Train_accy 47.60
SNet: Task 2, Epoch 45/130 => Loss 3.350,  Train_accy 47.39
SNet: Task 2, Epoch 46/130 => Loss 3.355,  Train_accy 47.65, Test_accy 64.05
SNet: Task 2, Epoch 47/130 => Loss 3.346,  Train_accy 47.51
SNet: Task 2, Epoch 48/130 => Loss 3.346,  Train_accy 47.90
SNet: Task 2, Epoch 49/130 => Loss 3.346,  Train_accy 48.09
SNet: Task 2, Epoch 50/130 => Loss 3.364,  Train_accy 47.09
SNet: Task 2, Epoch 51/130 => Loss 3.352,  Train_accy 47.70, Test_accy 64.64
SNet: Task 2, Epoch 52/130 => Loss 3.354,  Train_accy 47.61
SNet: Task 2, Epoch 53/130 => Loss 3.341,  Train_accy 48.21
SNet: Task 2, Epoch 54/130 => Loss 3.346,  Train_accy 48.01
SNet: Task 2, Epoch 55/130 => Loss 3.349,  Train_accy 48.61
SNet: Task 2, Epoch 56/130 => Loss 3.347,  Train_accy 48.22, Test_accy 64.37
SNet: Task 2, Epoch 57/130 => Loss 3.346,  Train_accy 48.28
SNet: Task 2, Epoch 58/130 => Loss 3.342,  Train_accy 48.04
SNet: Task 2, Epoch 59/130 => Loss 3.348,  Train_accy 47.80
SNet: Task 2, Epoch 60/130 => Loss 3.348,  Train_accy 48.05
SNet: Task 2, Epoch 61/130 => Loss 3.338,  Train_accy 48.42, Test_accy 64.87
SNet: Task 2, Epoch 62/130 => Loss 3.352,  Train_accy 48.27
SNet: Task 2, Epoch 63/130 => Loss 3.337,  Train_accy 48.64
SNet: Task 2, Epoch 64/130 => Loss 3.336,  Train_accy 48.30
SNet: Task 2, Epoch 65/130 => Loss 3.336,  Train_accy 48.60
SNet: Task 2, Epoch 66/130 => Loss 3.352,  Train_accy 48.56, Test_accy 65.36
SNet: Task 2, Epoch 67/130 => Loss 3.348,  Train_accy 48.47
SNet: Task 2, Epoch 68/130 => Loss 3.338,  Train_accy 48.36
SNet: Task 2, Epoch 69/130 => Loss 3.342,  Train_accy 48.71
SNet: Task 2, Epoch 70/130 => Loss 3.342,  Train_accy 48.54
SNet: Task 2, Epoch 71/130 => Loss 3.348,  Train_accy 48.36, Test_accy 65.42
SNet: Task 2, Epoch 72/130 => Loss 3.337,  Train_accy 48.07
SNet: Task 2, Epoch 73/130 => Loss 3.347,  Train_accy 48.29
SNet: Task 2, Epoch 74/130 => Loss 3.344,  Train_accy 48.69
SNet: Task 2, Epoch 75/130 => Loss 3.345,  Train_accy 48.53
SNet: Task 2, Epoch 76/130 => Loss 3.336,  Train_accy 49.31, Test_accy 65.40
SNet: Task 2, Epoch 77/130 => Loss 3.335,  Train_accy 48.34
SNet: Task 2, Epoch 78/130 => Loss 3.337,  Train_accy 48.40
SNet: Task 2, Epoch 79/130 => Loss 3.346,  Train_accy 48.75
SNet: Task 2, Epoch 80/130 => Loss 3.334,  Train_accy 49.20
SNet: Task 2, Epoch 81/130 => Loss 3.336,  Train_accy 48.99, Test_accy 65.32
SNet: Task 2, Epoch 82/130 => Loss 3.341,  Train_accy 48.74
SNet: Task 2, Epoch 83/130 => Loss 3.350,  Train_accy 49.07
SNet: Task 2, Epoch 84/130 => Loss 3.351,  Train_accy 48.81
SNet: Task 2, Epoch 85/130 => Loss 3.347,  Train_accy 49.24
SNet: Task 2, Epoch 86/130 => Loss 3.334,  Train_accy 49.88, Test_accy 65.02
SNet: Task 2, Epoch 87/130 => Loss 3.339,  Train_accy 48.25
SNet: Task 2, Epoch 88/130 => Loss 3.335,  Train_accy 48.36
SNet: Task 2, Epoch 89/130 => Loss 3.338,  Train_accy 48.93
SNet: Task 2, Epoch 90/130 => Loss 3.341,  Train_accy 49.06
SNet: Task 2, Epoch 91/130 => Loss 3.340,  Train_accy 49.19, Test_accy 65.40
SNet: Task 2, Epoch 92/130 => Loss 3.340,  Train_accy 48.56
SNet: Task 2, Epoch 93/130 => Loss 3.335,  Train_accy 49.43
SNet: Task 2, Epoch 94/130 => Loss 3.334,  Train_accy 48.98
SNet: Task 2, Epoch 95/130 => Loss 3.346,  Train_accy 49.00
SNet: Task 2, Epoch 96/130 => Loss 3.334,  Train_accy 48.47, Test_accy 65.46
SNet: Task 2, Epoch 97/130 => Loss 3.335,  Train_accy 49.30
SNet: Task 2, Epoch 98/130 => Loss 3.340,  Train_accy 48.69
SNet: Task 2, Epoch 99/130 => Loss 3.352,  Train_accy 49.19
SNet: Task 2, Epoch 100/130 => Loss 3.344,  Train_accy 48.88
SNet: Task 2, Epoch 101/130 => Loss 3.336,  Train_accy 48.58, Test_accy 65.62
SNet: Task 2, Epoch 102/130 => Loss 3.339,  Train_accy 49.40
SNet: Task 2, Epoch 103/130 => Loss 3.336,  Train_accy 49.23
SNet: Task 2, Epoch 104/130 => Loss 3.332,  Train_accy 49.76
SNet: Task 2, Epoch 105/130 => Loss 3.339,  Train_accy 49.74
SNet: Task 2, Epoch 106/130 => Loss 3.327,  Train_accy 48.89, Test_accy 65.66
SNet: Task 2, Epoch 107/130 => Loss 3.341,  Train_accy 48.46
SNet: Task 2, Epoch 108/130 => Loss 3.324,  Train_accy 49.49
SNet: Task 2, Epoch 109/130 => Loss 3.335,  Train_accy 49.44
SNet: Task 2, Epoch 110/130 => Loss 3.329,  Train_accy 49.35
SNet: Task 2, Epoch 111/130 => Loss 3.337,  Train_accy 49.58, Test_accy 65.56
SNet: Task 2, Epoch 112/130 => Loss 3.334,  Train_accy 49.45
SNet: Task 2, Epoch 113/130 => Loss 3.336,  Train_accy 49.54
SNet: Task 2, Epoch 114/130 => Loss 3.337,  Train_accy 49.43
SNet: Task 2, Epoch 115/130 => Loss 3.338,  Train_accy 49.43
SNet: Task 2, Epoch 116/130 => Loss 3.337,  Train_accy 48.95, Test_accy 65.72
SNet: Task 2, Epoch 117/130 => Loss 3.332,  Train_accy 49.36
SNet: Task 2, Epoch 118/130 => Loss 3.337,  Train_accy 49.19
SNet: Task 2, Epoch 119/130 => Loss 3.337,  Train_accy 48.88
SNet: Task 2, Epoch 120/130 => Loss 3.332,  Train_accy 49.94
SNet: Task 2, Epoch 121/130 => Loss 3.335,  Train_accy 49.27, Test_accy 65.79
SNet: Task 2, Epoch 122/130 => Loss 3.333,  Train_accy 49.72
SNet: Task 2, Epoch 123/130 => Loss 3.337,  Train_accy 49.54
SNet: Task 2, Epoch 124/130 => Loss 3.335,  Train_accy 49.07
SNet: Task 2, Epoch 125/130 => Loss 3.333,  Train_accy 49.21
SNet: Task 2, Epoch 126/130 => Loss 3.331,  Train_accy 49.16, Test_accy 65.52
SNet: Task 2, Epoch 127/130 => Loss 3.335,  Train_accy 48.98
SNet: Task 2, Epoch 128/130 => Loss 3.318,  Train_accy 49.51
SNet: Task 2, Epoch 129/130 => Loss 3.324,  Train_accy 49.63
SNet: Task 2, Epoch 130/130 => Loss 3.334,  Train_accy 49.56
do not weight align student!
darknet eval: 
CNN top1 curve: 65.83
Construct examplars for class 75
Construct examplars for class 76
Construct examplars for class 77
Construct examplars for class 78
Construct examplars for class 79
Construct examplars for class 80
Construct examplars for class 81
Construct examplars for class 82
Construct examplars for class 83
Construct examplars for class 84
Construct examplars for class 85
Construct examplars for class 86
Construct examplars for class 87
Construct examplars for class 88
Construct examplars for class 89
Construct examplars for class 90
Construct examplars for class 91
Construct examplars for class 92
Construct examplars for class 93
Construct examplars for class 94
Construct examplars for class 95
Construct examplars for class 96
Construct examplars for class 97
Construct examplars for class 98
Construct examplars for class 99
buffer length2000
Time cost :  7378.121137619019
